2019-03-02 23:44:42,552 [Worker-4: Loading available Gradle versions] INFO  o.e.b.c.i.u.g.PublishedGradleVersions - Gradle version information cache is up-to-date. Trying to read.
2019-03-02 23:49:03,946 [ModalContext] INFO  o.e.m.c.i.e.AbstractTransferListenerAdapter - Downloaded https://repo.maven.apache.org/maven2/org/glassfish/jersey/archetype/jersey-quickstart-webapp/2.16/jersey-quickstart-webapp-2.16.pom
2019-03-02 23:49:03,959 [ModalContext] ERROR o.e.m.c.u.i.w.MavenProjectWizardArchetypePage - Can't resolve Archetype org.glassfish.jersey.archetype:jersey-quickstart-webapp:2.16
org.eclipse.core.runtime.CoreException: Could not resolve artifact org.glassfish.jersey.archetype:jersey-quickstart-webapp:pom:2.16
	at org.eclipse.m2e.core.internal.embedder.MavenImpl.lambda$4(MavenImpl.java:763) ~[na:na]
	at org.eclipse.m2e.core.internal.embedder.MavenExecutionContext.executeBare(MavenExecutionContext.java:177) ~[na:na]
	at org.eclipse.m2e.core.internal.embedder.MavenExecutionContext.execute(MavenExecutionContext.java:151) ~[na:na]
	at org.eclipse.m2e.core.internal.embedder.MavenExecutionContext.execute(MavenExecutionContext.java:99) ~[na:na]
	at org.eclipse.m2e.core.internal.embedder.MavenImpl.resolve(MavenImpl.java:731) ~[na:na]
	at org.eclipse.m2e.core.internal.embedder.MavenImpl.resolve(MavenImpl.java:708) ~[na:na]
	at org.eclipse.m2e.core.ui.internal.wizards.MavenProjectWizardArchetypePage$17.run(MavenProjectWizardArchetypePage.java:842) ~[org.eclipse.m2e.core.ui_1.10.0.20181127-2120.jar:na]
	at org.eclipse.jface.operation.ModalContext$ModalContextThread.run(ModalContext.java:122) [org.eclipse.jface_3.15.0.v20181123-1505.jar:na]
2019-03-02 23:50:28,736 [ModalContext] ERROR o.e.m.c.u.i.w.MavenProjectWizardArchetypePage - Can't resolve Archetype org.glassfish.jersey.archetype:jersey-quickstart-webapp:2.16
org.eclipse.core.runtime.CoreException: Could not resolve artifact org.glassfish.jersey.archetype:jersey-quickstart-webapp:pom:2.16
	at org.eclipse.m2e.core.internal.embedder.MavenImpl.lambda$4(MavenImpl.java:763) ~[na:na]
	at org.eclipse.m2e.core.internal.embedder.MavenExecutionContext.executeBare(MavenExecutionContext.java:177) ~[na:na]
	at org.eclipse.m2e.core.internal.embedder.MavenExecutionContext.execute(MavenExecutionContext.java:151) ~[na:na]
	at org.eclipse.m2e.core.internal.embedder.MavenExecutionContext.execute(MavenExecutionContext.java:99) ~[na:na]
	at org.eclipse.m2e.core.internal.embedder.MavenImpl.resolve(MavenImpl.java:731) ~[na:na]
	at org.eclipse.m2e.core.internal.embedder.MavenImpl.resolve(MavenImpl.java:708) ~[na:na]
	at org.eclipse.m2e.core.ui.internal.wizards.MavenProjectWizardArchetypePage$17.run(MavenProjectWizardArchetypePage.java:842) ~[org.eclipse.m2e.core.ui_1.10.0.20181127-2120.jar:na]
	at org.eclipse.jface.operation.ModalContext$ModalContextThread.run(ModalContext.java:122) [org.eclipse.jface_3.15.0.v20181123-1505.jar:na]
2019-03-02 23:53:36,205 [ModalContext] INFO  o.e.m.c.i.e.AbstractTransferListenerAdapter - Downloading https://repo.maven.apache.org/maven2/org/glassfish/jersey/archetypes/jersey-quickstart-webapp/2.16/jersey-quickstart-webapp-2.16.pom
2019-03-02 23:53:36,369 [ModalContext] INFO  o.e.m.c.i.e.AbstractTransferListenerAdapter - Downloaded https://repo.maven.apache.org/maven2/org/glassfish/jersey/archetypes/jersey-quickstart-webapp/2.16/jersey-quickstart-webapp-2.16.pom
2019-03-02 23:53:37,064 [ModalContext] INFO  o.e.m.c.i.e.AbstractTransferListenerAdapter - Downloading https://repo.maven.apache.org/maven2/org/glassfish/jersey/archetypes/jersey-quickstart-webapp/2.16/jersey-quickstart-webapp-2.16.jar
2019-03-02 23:53:37,225 [ModalContext] INFO  o.e.m.c.i.e.AbstractTransferListenerAdapter - Downloaded https://repo.maven.apache.org/maven2/org/glassfish/jersey/archetypes/jersey-quickstart-webapp/2.16/jersey-quickstart-webapp-2.16.jar
2019-03-02 23:54:12,127 [Worker-7: Creating jersey-quickstart-webapp] INFO  o.e.m.c.i.p.ProjectConfigurationManager - Collecting project info '/pom.xml' E:\Java\messenger\pom.xml
2019-03-02 23:54:13,122 [Worker-7: Creating jersey-quickstart-webapp] INFO  o.e.m.c.i.e.AbstractTransferListenerAdapter - Downloading https://repo.maven.apache.org/maven2/org/glassfish/jersey/jersey-bom/2.16/jersey-bom-2.16.pom
2019-03-02 23:54:13,441 [Worker-7: Creating jersey-quickstart-webapp] INFO  o.e.m.c.i.e.AbstractTransferListenerAdapter - Downloaded https://repo.maven.apache.org/maven2/org/glassfish/jersey/jersey-bom/2.16/jersey-bom-2.16.pom
2019-03-02 23:54:13,616 [Worker-7: Creating jersey-quickstart-webapp] INFO  o.e.m.c.i.e.AbstractTransferListenerAdapter - Downloading https://repo.maven.apache.org/maven2/net/java/jvnet-parent/4/jvnet-parent-4.pom
2019-03-02 23:54:13,780 [Worker-7: Creating jersey-quickstart-webapp] INFO  o.e.m.c.i.e.AbstractTransferListenerAdapter - Downloaded https://repo.maven.apache.org/maven2/net/java/jvnet-parent/4/jvnet-parent-4.pom
2019-03-02 23:54:15,010 [Worker-7: Creating jersey-quickstart-webapp] INFO  o.e.m.c.i.e.AbstractTransferListenerAdapter - Downloading https://repo.maven.apache.org/maven2/org/apache/maven/plugins/maven-compiler-plugin/2.5.1/maven-compiler-plugin-2.5.1.jar
2019-03-02 23:54:15,330 [Worker-7: Creating jersey-quickstart-webapp] INFO  o.e.m.c.i.e.AbstractTransferListenerAdapter - Downloaded https://repo.maven.apache.org/maven2/org/apache/maven/plugins/maven-compiler-plugin/2.5.1/maven-compiler-plugin-2.5.1.jar
2019-03-02 23:54:15,679 [Worker-7: Creating jersey-quickstart-webapp] INFO  o.e.m.c.i.e.AbstractTransferListenerAdapter - Downloading https://repo.maven.apache.org/maven2/org/apache/maven/plugins/maven-compiler-plugin/2.5.1/maven-compiler-plugin-2.5.1.pom
2019-03-02 23:54:15,839 [Worker-7: Creating jersey-quickstart-webapp] INFO  o.e.m.c.i.e.AbstractTransferListenerAdapter - Downloaded https://repo.maven.apache.org/maven2/org/apache/maven/plugins/maven-compiler-plugin/2.5.1/maven-compiler-plugin-2.5.1.pom
2019-03-02 23:54:16,599 [Worker-7: Creating jersey-quickstart-webapp] INFO  o.e.m.c.i.e.AbstractTransferListenerAdapter - Downloading https://repo.maven.apache.org/maven2/org/codehaus/plexus/plexus-compiler-api/1.9.1/plexus-compiler-api-1.9.1.pom
2019-03-02 23:54:16,759 [Worker-7: Creating jersey-quickstart-webapp] INFO  o.e.m.c.i.e.AbstractTransferListenerAdapter - Downloaded https://repo.maven.apache.org/maven2/org/codehaus/plexus/plexus-compiler-api/1.9.1/plexus-compiler-api-1.9.1.pom
2019-03-02 23:54:16,924 [Worker-7: Creating jersey-quickstart-webapp] INFO  o.e.m.c.i.e.AbstractTransferListenerAdapter - Downloading https://repo.maven.apache.org/maven2/org/codehaus/plexus/plexus-compiler/1.9.1/plexus-compiler-1.9.1.pom
2019-03-02 23:54:17,083 [Worker-7: Creating jersey-quickstart-webapp] INFO  o.e.m.c.i.e.AbstractTransferListenerAdapter - Downloaded https://repo.maven.apache.org/maven2/org/codehaus/plexus/plexus-compiler/1.9.1/plexus-compiler-1.9.1.pom
2019-03-02 23:54:17,247 [Worker-7: Creating jersey-quickstart-webapp] INFO  o.e.m.c.i.e.AbstractTransferListenerAdapter - Downloading https://repo.maven.apache.org/maven2/org/codehaus/plexus/plexus-components/1.1.20/plexus-components-1.1.20.pom
2019-03-02 23:54:17,481 [Worker-7: Creating jersey-quickstart-webapp] INFO  o.e.m.c.i.e.AbstractTransferListenerAdapter - Downloaded https://repo.maven.apache.org/maven2/org/codehaus/plexus/plexus-components/1.1.20/plexus-components-1.1.20.pom
2019-03-02 23:54:17,645 [Worker-7: Creating jersey-quickstart-webapp] INFO  o.e.m.c.i.e.AbstractTransferListenerAdapter - Downloading https://repo.maven.apache.org/maven2/org/codehaus/plexus/plexus/3.1/plexus-3.1.pom
2019-03-02 23:54:17,808 [Worker-7: Creating jersey-quickstart-webapp] INFO  o.e.m.c.i.e.AbstractTransferListenerAdapter - Downloaded https://repo.maven.apache.org/maven2/org/codehaus/plexus/plexus/3.1/plexus-3.1.pom
2019-03-02 23:54:18,065 [Worker-7: Creating jersey-quickstart-webapp] INFO  o.e.m.c.i.e.AbstractTransferListenerAdapter - Downloading https://repo.maven.apache.org/maven2/org/codehaus/plexus/plexus-compiler-manager/1.9.1/plexus-compiler-manager-1.9.1.pom
2019-03-02 23:54:18,225 [Worker-7: Creating jersey-quickstart-webapp] INFO  o.e.m.c.i.e.AbstractTransferListenerAdapter - Downloaded https://repo.maven.apache.org/maven2/org/codehaus/plexus/plexus-compiler-manager/1.9.1/plexus-compiler-manager-1.9.1.pom
2019-03-02 23:54:18,392 [Worker-7: Creating jersey-quickstart-webapp] INFO  o.e.m.c.i.e.AbstractTransferListenerAdapter - Downloading https://repo.maven.apache.org/maven2/org/codehaus/plexus/plexus-compiler-javac/1.9.1/plexus-compiler-javac-1.9.1.pom
2019-03-02 23:54:18,551 [Worker-7: Creating jersey-quickstart-webapp] INFO  o.e.m.c.i.e.AbstractTransferListenerAdapter - Downloaded https://repo.maven.apache.org/maven2/org/codehaus/plexus/plexus-compiler-javac/1.9.1/plexus-compiler-javac-1.9.1.pom
2019-03-02 23:54:18,714 [Worker-7: Creating jersey-quickstart-webapp] INFO  o.e.m.c.i.e.AbstractTransferListenerAdapter - Downloading https://repo.maven.apache.org/maven2/org/codehaus/plexus/plexus-compilers/1.9.1/plexus-compilers-1.9.1.pom
2019-03-02 23:54:18,872 [Worker-7: Creating jersey-quickstart-webapp] INFO  o.e.m.c.i.e.AbstractTransferListenerAdapter - Downloaded https://repo.maven.apache.org/maven2/org/codehaus/plexus/plexus-compilers/1.9.1/plexus-compilers-1.9.1.pom
2019-03-02 23:54:19,084 [Worker-7: Creating jersey-quickstart-webapp] INFO  o.e.m.c.i.e.AbstractTransferListenerAdapter - Downloading https://repo.maven.apache.org/maven2/org/codehaus/plexus/plexus-compiler-api/1.9.1/plexus-compiler-api-1.9.1.jar
2019-03-02 23:54:19,248 [Worker-7: Creating jersey-quickstart-webapp] INFO  o.e.m.c.i.e.AbstractTransferListenerAdapter - Downloaded https://repo.maven.apache.org/maven2/org/codehaus/plexus/plexus-compiler-api/1.9.1/plexus-compiler-api-1.9.1.jar
2019-03-02 23:54:19,404 [Worker-7: Creating jersey-quickstart-webapp] INFO  o.e.m.c.i.e.AbstractTransferListenerAdapter - Downloading https://repo.maven.apache.org/maven2/org/codehaus/plexus/plexus-compiler-manager/1.9.1/plexus-compiler-manager-1.9.1.jar
2019-03-02 23:54:19,565 [Worker-7: Creating jersey-quickstart-webapp] INFO  o.e.m.c.i.e.AbstractTransferListenerAdapter - Downloaded https://repo.maven.apache.org/maven2/org/codehaus/plexus/plexus-compiler-manager/1.9.1/plexus-compiler-manager-1.9.1.jar
2019-03-02 23:54:19,722 [Worker-7: Creating jersey-quickstart-webapp] INFO  o.e.m.c.i.e.AbstractTransferListenerAdapter - Downloading https://repo.maven.apache.org/maven2/org/codehaus/plexus/plexus-compiler-javac/1.9.1/plexus-compiler-javac-1.9.1.jar
2019-03-02 23:54:19,882 [Worker-7: Creating jersey-quickstart-webapp] INFO  o.e.m.c.i.e.AbstractTransferListenerAdapter - Downloaded https://repo.maven.apache.org/maven2/org/codehaus/plexus/plexus-compiler-javac/1.9.1/plexus-compiler-javac-1.9.1.jar
2019-03-02 23:54:20,041 [Worker-7: Creating jersey-quickstart-webapp] INFO  o.e.m.c.i.e.AbstractTransferListenerAdapter - Downloading https://repo.maven.apache.org/maven2/classworlds/classworlds/1.1-alpha-2/classworlds-1.1-alpha-2.jar
2019-03-02 23:54:20,205 [Worker-7: Creating jersey-quickstart-webapp] INFO  o.e.m.c.i.e.AbstractTransferListenerAdapter - Downloaded https://repo.maven.apache.org/maven2/classworlds/classworlds/1.1-alpha-2/classworlds-1.1-alpha-2.jar
2019-03-02 23:54:20,829 [Worker-7: Creating jersey-quickstart-webapp] INFO  o.e.m.c.i.l.LifecycleMappingFactory - Using org.maven.ide.eclipse.wtp.WarLifecycleMapping lifecycle mapping for MavenProject: org.restful.demo:messenger:0.0.1-SNAPSHOT @ E:\Java\messenger\pom.xml.
2019-03-02 23:54:20,994 [Worker-7: Creating jersey-quickstart-webapp] INFO  o.e.m.c.i.e.AbstractTransferListenerAdapter - Downloading https://repo.maven.apache.org/maven2/org/glassfish/jersey/containers/jersey-container-servlet-core/2.16/jersey-container-servlet-core-2.16.pom
2019-03-02 23:54:21,155 [Worker-7: Creating jersey-quickstart-webapp] INFO  o.e.m.c.i.e.AbstractTransferListenerAdapter - Downloaded https://repo.maven.apache.org/maven2/org/glassfish/jersey/containers/jersey-container-servlet-core/2.16/jersey-container-servlet-core-2.16.pom
2019-03-02 23:54:21,327 [Worker-7: Creating jersey-quickstart-webapp] INFO  o.e.m.c.i.e.AbstractTransferListenerAdapter - Downloading https://repo.maven.apache.org/maven2/org/glassfish/jersey/containers/project/2.16/project-2.16.pom
2019-03-02 23:54:21,487 [Worker-7: Creating jersey-quickstart-webapp] INFO  o.e.m.c.i.e.AbstractTransferListenerAdapter - Downloaded https://repo.maven.apache.org/maven2/org/glassfish/jersey/containers/project/2.16/project-2.16.pom
2019-03-02 23:54:21,655 [Worker-7: Creating jersey-quickstart-webapp] INFO  o.e.m.c.i.e.AbstractTransferListenerAdapter - Downloading https://repo.maven.apache.org/maven2/org/glassfish/jersey/project/2.16/project-2.16.pom
2019-03-02 23:54:22,126 [Worker-7: Creating jersey-quickstart-webapp] INFO  o.e.m.c.i.e.AbstractTransferListenerAdapter - Downloaded https://repo.maven.apache.org/maven2/org/glassfish/jersey/project/2.16/project-2.16.pom
2019-03-02 23:54:22,312 [Worker-7: Creating jersey-quickstart-webapp] INFO  o.e.m.c.i.e.AbstractTransferListenerAdapter - Downloading https://repo.maven.apache.org/maven2/org/glassfish/hk2/hk2-bom/2.4.0-b09/hk2-bom-2.4.0-b09.pom
2019-03-02 23:54:22,472 [Worker-7: Creating jersey-quickstart-webapp] INFO  o.e.m.c.i.e.AbstractTransferListenerAdapter - Downloaded https://repo.maven.apache.org/maven2/org/glassfish/hk2/hk2-bom/2.4.0-b09/hk2-bom-2.4.0-b09.pom
2019-03-02 23:54:22,636 [Worker-7: Creating jersey-quickstart-webapp] INFO  o.e.m.c.i.e.AbstractTransferListenerAdapter - Downloading https://repo.maven.apache.org/maven2/net/java/jvnet-parent/5/jvnet-parent-5.pom
2019-03-02 23:54:22,803 [Worker-7: Creating jersey-quickstart-webapp] INFO  o.e.m.c.i.e.AbstractTransferListenerAdapter - Downloaded https://repo.maven.apache.org/maven2/net/java/jvnet-parent/5/jvnet-parent-5.pom
2019-03-02 23:54:22,974 [Worker-7: Creating jersey-quickstart-webapp] INFO  o.e.m.c.i.e.AbstractTransferListenerAdapter - Downloading https://repo.maven.apache.org/maven2/org/glassfish/hk2/external/javax.inject/2.4.0-b09/javax.inject-2.4.0-b09.pom
2019-03-02 23:54:23,134 [Worker-7: Creating jersey-quickstart-webapp] INFO  o.e.m.c.i.e.AbstractTransferListenerAdapter - Downloaded https://repo.maven.apache.org/maven2/org/glassfish/hk2/external/javax.inject/2.4.0-b09/javax.inject-2.4.0-b09.pom
2019-03-02 23:54:23,299 [Worker-7: Creating jersey-quickstart-webapp] INFO  o.e.m.c.i.e.AbstractTransferListenerAdapter - Downloading https://repo.maven.apache.org/maven2/org/glassfish/hk2/external/2.4.0-b09/external-2.4.0-b09.pom
2019-03-02 23:54:23,472 [Worker-7: Creating jersey-quickstart-webapp] INFO  o.e.m.c.i.e.AbstractTransferListenerAdapter - Downloaded https://repo.maven.apache.org/maven2/org/glassfish/hk2/external/2.4.0-b09/external-2.4.0-b09.pom
2019-03-02 23:54:23,636 [Worker-7: Creating jersey-quickstart-webapp] INFO  o.e.m.c.i.e.AbstractTransferListenerAdapter - Downloading https://repo.maven.apache.org/maven2/org/glassfish/hk2/hk2-parent/2.4.0-b09/hk2-parent-2.4.0-b09.pom
2019-03-02 23:54:23,812 [Worker-7: Creating jersey-quickstart-webapp] INFO  o.e.m.c.i.e.AbstractTransferListenerAdapter - Downloaded https://repo.maven.apache.org/maven2/org/glassfish/hk2/hk2-parent/2.4.0-b09/hk2-parent-2.4.0-b09.pom
2019-03-02 23:54:23,994 [Worker-7: Creating jersey-quickstart-webapp] INFO  o.e.m.c.i.e.AbstractTransferListenerAdapter - Downloading https://repo.maven.apache.org/maven2/org/glassfish/jersey/core/jersey-common/2.16/jersey-common-2.16.pom
2019-03-02 23:54:24,157 [Worker-7: Creating jersey-quickstart-webapp] INFO  o.e.m.c.i.e.AbstractTransferListenerAdapter - Downloaded https://repo.maven.apache.org/maven2/org/glassfish/jersey/core/jersey-common/2.16/jersey-common-2.16.pom
2019-03-02 23:54:24,330 [Worker-7: Creating jersey-quickstart-webapp] INFO  o.e.m.c.i.e.AbstractTransferListenerAdapter - Downloading https://repo.maven.apache.org/maven2/javax/ws/rs/javax.ws.rs-api/2.0.1/javax.ws.rs-api-2.0.1.pom
2019-03-02 23:54:24,489 [Worker-7: Creating jersey-quickstart-webapp] INFO  o.e.m.c.i.e.AbstractTransferListenerAdapter - Downloaded https://repo.maven.apache.org/maven2/javax/ws/rs/javax.ws.rs-api/2.0.1/javax.ws.rs-api-2.0.1.pom
2019-03-02 23:54:24,660 [Worker-7: Creating jersey-quickstart-webapp] INFO  o.e.m.c.i.e.AbstractTransferListenerAdapter - Downloading https://repo.maven.apache.org/maven2/javax/annotation/javax.annotation-api/1.2/javax.annotation-api-1.2.pom
2019-03-02 23:54:24,820 [Worker-7: Creating jersey-quickstart-webapp] INFO  o.e.m.c.i.e.AbstractTransferListenerAdapter - Downloaded https://repo.maven.apache.org/maven2/javax/annotation/javax.annotation-api/1.2/javax.annotation-api-1.2.pom
2019-03-02 23:54:24,983 [Worker-7: Creating jersey-quickstart-webapp] INFO  o.e.m.c.i.e.AbstractTransferListenerAdapter - Downloading https://repo.maven.apache.org/maven2/net/java/jvnet-parent/3/jvnet-parent-3.pom
2019-03-02 23:54:25,143 [Worker-7: Creating jersey-quickstart-webapp] INFO  o.e.m.c.i.e.AbstractTransferListenerAdapter - Downloaded https://repo.maven.apache.org/maven2/net/java/jvnet-parent/3/jvnet-parent-3.pom
2019-03-02 23:54:25,310 [Worker-7: Creating jersey-quickstart-webapp] INFO  o.e.m.c.i.e.AbstractTransferListenerAdapter - Downloading https://repo.maven.apache.org/maven2/org/glassfish/jersey/bundles/repackaged/jersey-guava/2.16/jersey-guava-2.16.pom
2019-03-02 23:54:25,473 [Worker-7: Creating jersey-quickstart-webapp] INFO  o.e.m.c.i.e.AbstractTransferListenerAdapter - Downloaded https://repo.maven.apache.org/maven2/org/glassfish/jersey/bundles/repackaged/jersey-guava/2.16/jersey-guava-2.16.pom
2019-03-02 23:54:25,640 [Worker-7: Creating jersey-quickstart-webapp] INFO  o.e.m.c.i.e.AbstractTransferListenerAdapter - Downloading https://repo.maven.apache.org/maven2/org/glassfish/jersey/bundles/repackaged/project/2.16/project-2.16.pom
2019-03-02 23:54:25,799 [Worker-7: Creating jersey-quickstart-webapp] INFO  o.e.m.c.i.e.AbstractTransferListenerAdapter - Downloaded https://repo.maven.apache.org/maven2/org/glassfish/jersey/bundles/repackaged/project/2.16/project-2.16.pom
2019-03-02 23:54:25,964 [Worker-7: Creating jersey-quickstart-webapp] INFO  o.e.m.c.i.e.AbstractTransferListenerAdapter - Downloading https://repo.maven.apache.org/maven2/org/glassfish/jersey/bundles/project/2.16/project-2.16.pom
2019-03-02 23:54:26,126 [Worker-7: Creating jersey-quickstart-webapp] INFO  o.e.m.c.i.e.AbstractTransferListenerAdapter - Downloaded https://repo.maven.apache.org/maven2/org/glassfish/jersey/bundles/project/2.16/project-2.16.pom
2019-03-02 23:54:26,296 [Worker-7: Creating jersey-quickstart-webapp] INFO  o.e.m.c.i.e.AbstractTransferListenerAdapter - Downloading https://repo.maven.apache.org/maven2/org/glassfish/hk2/hk2-api/2.4.0-b09/hk2-api-2.4.0-b09.pom
2019-03-02 23:54:26,462 [Worker-7: Creating jersey-quickstart-webapp] INFO  o.e.m.c.i.e.AbstractTransferListenerAdapter - Downloaded https://repo.maven.apache.org/maven2/org/glassfish/hk2/hk2-api/2.4.0-b09/hk2-api-2.4.0-b09.pom
2019-03-02 23:54:26,635 [Worker-7: Creating jersey-quickstart-webapp] INFO  o.e.m.c.i.e.AbstractTransferListenerAdapter - Downloading https://repo.maven.apache.org/maven2/org/glassfish/hk2/hk2-utils/2.4.0-b09/hk2-utils-2.4.0-b09.pom
2019-03-02 23:54:26,794 [Worker-7: Creating jersey-quickstart-webapp] INFO  o.e.m.c.i.e.AbstractTransferListenerAdapter - Downloaded https://repo.maven.apache.org/maven2/org/glassfish/hk2/hk2-utils/2.4.0-b09/hk2-utils-2.4.0-b09.pom
2019-03-02 23:54:26,963 [Worker-7: Creating jersey-quickstart-webapp] INFO  o.e.m.c.i.e.AbstractTransferListenerAdapter - Downloading https://repo.maven.apache.org/maven2/org/glassfish/hk2/external/aopalliance-repackaged/2.4.0-b09/aopalliance-repackaged-2.4.0-b09.pom
2019-03-02 23:54:27,124 [Worker-7: Creating jersey-quickstart-webapp] INFO  o.e.m.c.i.e.AbstractTransferListenerAdapter - Downloaded https://repo.maven.apache.org/maven2/org/glassfish/hk2/external/aopalliance-repackaged/2.4.0-b09/aopalliance-repackaged-2.4.0-b09.pom
2019-03-02 23:54:27,294 [Worker-7: Creating jersey-quickstart-webapp] INFO  o.e.m.c.i.e.AbstractTransferListenerAdapter - Downloading https://repo.maven.apache.org/maven2/org/glassfish/hk2/hk2-locator/2.4.0-b09/hk2-locator-2.4.0-b09.pom
2019-03-02 23:54:27,453 [Worker-7: Creating jersey-quickstart-webapp] INFO  o.e.m.c.i.e.AbstractTransferListenerAdapter - Downloaded https://repo.maven.apache.org/maven2/org/glassfish/hk2/hk2-locator/2.4.0-b09/hk2-locator-2.4.0-b09.pom
2019-03-02 23:54:27,623 [Worker-7: Creating jersey-quickstart-webapp] INFO  o.e.m.c.i.e.AbstractTransferListenerAdapter - Downloading https://repo.maven.apache.org/maven2/javax/inject/javax.inject/1/javax.inject-1.pom
2019-03-02 23:54:27,782 [Worker-7: Creating jersey-quickstart-webapp] INFO  o.e.m.c.i.e.AbstractTransferListenerAdapter - Downloaded https://repo.maven.apache.org/maven2/javax/inject/javax.inject/1/javax.inject-1.pom
2019-03-02 23:54:27,948 [Worker-7: Creating jersey-quickstart-webapp] INFO  o.e.m.c.i.e.AbstractTransferListenerAdapter - Downloading https://repo.maven.apache.org/maven2/org/javassist/javassist/3.18.1-GA/javassist-3.18.1-GA.pom
2019-03-02 23:54:28,108 [Worker-7: Creating jersey-quickstart-webapp] INFO  o.e.m.c.i.e.AbstractTransferListenerAdapter - Downloaded https://repo.maven.apache.org/maven2/org/javassist/javassist/3.18.1-GA/javassist-3.18.1-GA.pom
2019-03-02 23:54:28,275 [Worker-7: Creating jersey-quickstart-webapp] INFO  o.e.m.c.i.e.AbstractTransferListenerAdapter - Downloading https://repo.maven.apache.org/maven2/org/glassfish/hk2/osgi-resource-locator/1.0.1/osgi-resource-locator-1.0.1.pom
2019-03-02 23:54:28,435 [Worker-7: Creating jersey-quickstart-webapp] INFO  o.e.m.c.i.e.AbstractTransferListenerAdapter - Downloaded https://repo.maven.apache.org/maven2/org/glassfish/hk2/osgi-resource-locator/1.0.1/osgi-resource-locator-1.0.1.pom
2019-03-02 23:54:28,663 [Worker-7: Creating jersey-quickstart-webapp] INFO  o.e.m.c.i.e.AbstractTransferListenerAdapter - Downloading https://repo.maven.apache.org/maven2/org/glassfish/jersey/core/jersey-server/2.16/jersey-server-2.16.pom
2019-03-02 23:54:28,826 [Worker-7: Creating jersey-quickstart-webapp] INFO  o.e.m.c.i.e.AbstractTransferListenerAdapter - Downloaded https://repo.maven.apache.org/maven2/org/glassfish/jersey/core/jersey-server/2.16/jersey-server-2.16.pom
2019-03-02 23:54:28,996 [Worker-7: Creating jersey-quickstart-webapp] INFO  o.e.m.c.i.e.AbstractTransferListenerAdapter - Downloading https://repo.maven.apache.org/maven2/org/glassfish/jersey/core/jersey-client/2.16/jersey-client-2.16.pom
2019-03-02 23:54:29,157 [Worker-7: Creating jersey-quickstart-webapp] INFO  o.e.m.c.i.e.AbstractTransferListenerAdapter - Downloaded https://repo.maven.apache.org/maven2/org/glassfish/jersey/core/jersey-client/2.16/jersey-client-2.16.pom
2019-03-02 23:54:29,328 [Worker-7: Creating jersey-quickstart-webapp] INFO  o.e.m.c.i.e.AbstractTransferListenerAdapter - Downloading https://repo.maven.apache.org/maven2/org/glassfish/jersey/media/jersey-media-jaxb/2.16/jersey-media-jaxb-2.16.pom
2019-03-02 23:54:29,489 [Worker-7: Creating jersey-quickstart-webapp] INFO  o.e.m.c.i.e.AbstractTransferListenerAdapter - Downloaded https://repo.maven.apache.org/maven2/org/glassfish/jersey/media/jersey-media-jaxb/2.16/jersey-media-jaxb-2.16.pom
2019-03-02 23:54:29,654 [Worker-7: Creating jersey-quickstart-webapp] INFO  o.e.m.c.i.e.AbstractTransferListenerAdapter - Downloading https://repo.maven.apache.org/maven2/org/glassfish/jersey/media/project/2.16/project-2.16.pom
2019-03-02 23:54:29,814 [Worker-7: Creating jersey-quickstart-webapp] INFO  o.e.m.c.i.e.AbstractTransferListenerAdapter - Downloaded https://repo.maven.apache.org/maven2/org/glassfish/jersey/media/project/2.16/project-2.16.pom
2019-03-02 23:54:29,985 [Worker-7: Creating jersey-quickstart-webapp] INFO  o.e.m.c.i.e.AbstractTransferListenerAdapter - Downloading https://repo.maven.apache.org/maven2/javax/validation/validation-api/1.1.0.Final/validation-api-1.1.0.Final.pom
2019-03-02 23:54:30,146 [Worker-7: Creating jersey-quickstart-webapp] INFO  o.e.m.c.i.e.AbstractTransferListenerAdapter - Downloaded https://repo.maven.apache.org/maven2/javax/validation/validation-api/1.1.0.Final/validation-api-1.1.0.Final.pom
2019-03-02 23:54:30,331 [Worker-7: Creating jersey-quickstart-webapp] INFO  o.e.m.c.i.e.AbstractTransferListenerAdapter - Downloading https://repo.maven.apache.org/maven2/org/glassfish/jersey/containers/jersey-container-servlet-core/2.16/jersey-container-servlet-core-2.16.jar
2019-03-02 23:54:30,648 [Worker-7: Creating jersey-quickstart-webapp] INFO  o.e.m.c.i.e.AbstractTransferListenerAdapter - Downloaded https://repo.maven.apache.org/maven2/org/glassfish/jersey/containers/jersey-container-servlet-core/2.16/jersey-container-servlet-core-2.16.jar
2019-03-02 23:54:30,806 [Worker-7: Creating jersey-quickstart-webapp] INFO  o.e.m.c.i.e.AbstractTransferListenerAdapter - Downloading https://repo.maven.apache.org/maven2/org/glassfish/hk2/external/javax.inject/2.4.0-b09/javax.inject-2.4.0-b09.jar
2019-03-02 23:54:30,964 [Worker-7: Creating jersey-quickstart-webapp] INFO  o.e.m.c.i.e.AbstractTransferListenerAdapter - Downloaded https://repo.maven.apache.org/maven2/org/glassfish/hk2/external/javax.inject/2.4.0-b09/javax.inject-2.4.0-b09.jar
2019-03-02 23:54:31,134 [Worker-7: Creating jersey-quickstart-webapp] INFO  o.e.m.c.i.e.AbstractTransferListenerAdapter - Downloading https://repo.maven.apache.org/maven2/org/glassfish/jersey/core/jersey-common/2.16/jersey-common-2.16.jar
2019-03-02 23:54:31,986 [Worker-7: Creating jersey-quickstart-webapp] INFO  o.e.m.c.i.e.AbstractTransferListenerAdapter - Downloaded https://repo.maven.apache.org/maven2/org/glassfish/jersey/core/jersey-common/2.16/jersey-common-2.16.jar
2019-03-02 23:54:32,142 [Worker-7: Creating jersey-quickstart-webapp] INFO  o.e.m.c.i.e.AbstractTransferListenerAdapter - Downloading https://repo.maven.apache.org/maven2/javax/annotation/javax.annotation-api/1.2/javax.annotation-api-1.2.jar
2019-03-02 23:54:32,304 [Worker-7: Creating jersey-quickstart-webapp] INFO  o.e.m.c.i.e.AbstractTransferListenerAdapter - Downloaded https://repo.maven.apache.org/maven2/javax/annotation/javax.annotation-api/1.2/javax.annotation-api-1.2.jar
2019-03-02 23:54:32,478 [Worker-7: Creating jersey-quickstart-webapp] INFO  o.e.m.c.i.e.AbstractTransferListenerAdapter - Downloading https://repo.maven.apache.org/maven2/org/glassfish/jersey/bundles/repackaged/jersey-guava/2.16/jersey-guava-2.16.jar
2019-03-02 23:54:33,022 [Worker-7: Creating jersey-quickstart-webapp] INFO  o.e.m.c.i.e.AbstractTransferListenerAdapter - Downloaded https://repo.maven.apache.org/maven2/org/glassfish/jersey/bundles/repackaged/jersey-guava/2.16/jersey-guava-2.16.jar
2019-03-02 23:54:33,194 [Worker-7: Creating jersey-quickstart-webapp] INFO  o.e.m.c.i.e.AbstractTransferListenerAdapter - Downloading https://repo.maven.apache.org/maven2/org/glassfish/hk2/hk2-api/2.4.0-b09/hk2-api-2.4.0-b09.jar
2019-03-02 23:54:33,366 [Worker-7: Creating jersey-quickstart-webapp] INFO  o.e.m.c.i.e.AbstractTransferListenerAdapter - Downloaded https://repo.maven.apache.org/maven2/org/glassfish/hk2/hk2-api/2.4.0-b09/hk2-api-2.4.0-b09.jar
2019-03-02 23:54:33,532 [Worker-7: Creating jersey-quickstart-webapp] INFO  o.e.m.c.i.e.AbstractTransferListenerAdapter - Downloading https://repo.maven.apache.org/maven2/org/glassfish/hk2/hk2-utils/2.4.0-b09/hk2-utils-2.4.0-b09.jar
2019-03-02 23:54:33,697 [Worker-7: Creating jersey-quickstart-webapp] INFO  o.e.m.c.i.e.AbstractTransferListenerAdapter - Downloaded https://repo.maven.apache.org/maven2/org/glassfish/hk2/hk2-utils/2.4.0-b09/hk2-utils-2.4.0-b09.jar
2019-03-02 23:54:33,857 [Worker-7: Creating jersey-quickstart-webapp] INFO  o.e.m.c.i.e.AbstractTransferListenerAdapter - Downloading https://repo.maven.apache.org/maven2/org/glassfish/hk2/external/aopalliance-repackaged/2.4.0-b09/aopalliance-repackaged-2.4.0-b09.jar
2019-03-02 23:54:34,016 [Worker-7: Creating jersey-quickstart-webapp] INFO  o.e.m.c.i.e.AbstractTransferListenerAdapter - Downloaded https://repo.maven.apache.org/maven2/org/glassfish/hk2/external/aopalliance-repackaged/2.4.0-b09/aopalliance-repackaged-2.4.0-b09.jar
2019-03-02 23:54:34,175 [Worker-7: Creating jersey-quickstart-webapp] INFO  o.e.m.c.i.e.AbstractTransferListenerAdapter - Downloading https://repo.maven.apache.org/maven2/org/glassfish/hk2/hk2-locator/2.4.0-b09/hk2-locator-2.4.0-b09.jar
2019-03-02 23:54:34,354 [Worker-7: Creating jersey-quickstart-webapp] INFO  o.e.m.c.i.e.AbstractTransferListenerAdapter - Downloaded https://repo.maven.apache.org/maven2/org/glassfish/hk2/hk2-locator/2.4.0-b09/hk2-locator-2.4.0-b09.jar
2019-03-02 23:54:34,515 [Worker-7: Creating jersey-quickstart-webapp] INFO  o.e.m.c.i.e.AbstractTransferListenerAdapter - Downloading https://repo.maven.apache.org/maven2/org/javassist/javassist/3.18.1-GA/javassist-3.18.1-GA.jar
2019-03-02 23:54:36,283 [Worker-7: Creating jersey-quickstart-webapp] INFO  o.e.m.c.i.e.AbstractTransferListenerAdapter - Downloaded https://repo.maven.apache.org/maven2/org/javassist/javassist/3.18.1-GA/javassist-3.18.1-GA.jar
2019-03-02 23:54:36,440 [Worker-7: Creating jersey-quickstart-webapp] INFO  o.e.m.c.i.e.AbstractTransferListenerAdapter - Downloading https://repo.maven.apache.org/maven2/org/glassfish/hk2/osgi-resource-locator/1.0.1/osgi-resource-locator-1.0.1.jar
2019-03-02 23:54:36,601 [Worker-7: Creating jersey-quickstart-webapp] INFO  o.e.m.c.i.e.AbstractTransferListenerAdapter - Downloaded https://repo.maven.apache.org/maven2/org/glassfish/hk2/osgi-resource-locator/1.0.1/osgi-resource-locator-1.0.1.jar
2019-03-02 23:54:36,902 [Worker-7: Creating jersey-quickstart-webapp] INFO  o.e.m.c.i.e.AbstractTransferListenerAdapter - Downloading https://repo.maven.apache.org/maven2/org/glassfish/jersey/core/jersey-server/2.16/jersey-server-2.16.jar
2019-03-02 23:54:37,492 [Worker-7: Creating jersey-quickstart-webapp] INFO  o.e.m.c.i.e.AbstractTransferListenerAdapter - Downloaded https://repo.maven.apache.org/maven2/org/glassfish/jersey/core/jersey-server/2.16/jersey-server-2.16.jar
2019-03-02 23:54:37,653 [Worker-7: Creating jersey-quickstart-webapp] INFO  o.e.m.c.i.e.AbstractTransferListenerAdapter - Downloading https://repo.maven.apache.org/maven2/org/glassfish/jersey/core/jersey-client/2.16/jersey-client-2.16.jar
2019-03-02 23:54:37,842 [Worker-7: Creating jersey-quickstart-webapp] INFO  o.e.m.c.i.e.AbstractTransferListenerAdapter - Downloaded https://repo.maven.apache.org/maven2/org/glassfish/jersey/core/jersey-client/2.16/jersey-client-2.16.jar
2019-03-02 23:54:38,005 [Worker-7: Creating jersey-quickstart-webapp] INFO  o.e.m.c.i.e.AbstractTransferListenerAdapter - Downloading https://repo.maven.apache.org/maven2/org/glassfish/jersey/media/jersey-media-jaxb/2.16/jersey-media-jaxb-2.16.jar
2019-03-02 23:54:38,178 [Worker-7: Creating jersey-quickstart-webapp] INFO  o.e.m.c.i.e.AbstractTransferListenerAdapter - Downloaded https://repo.maven.apache.org/maven2/org/glassfish/jersey/media/jersey-media-jaxb/2.16/jersey-media-jaxb-2.16.jar
2019-03-02 23:54:38,338 [Worker-7: Creating jersey-quickstart-webapp] INFO  o.e.m.c.i.e.AbstractTransferListenerAdapter - Downloading https://repo.maven.apache.org/maven2/javax/validation/validation-api/1.1.0.Final/validation-api-1.1.0.Final.jar
2019-03-02 23:54:38,509 [Worker-7: Creating jersey-quickstart-webapp] INFO  o.e.m.c.i.e.AbstractTransferListenerAdapter - Downloaded https://repo.maven.apache.org/maven2/javax/validation/validation-api/1.1.0.Final/validation-api-1.1.0.Final.jar
2019-03-02 23:54:38,670 [Worker-7: Creating jersey-quickstart-webapp] INFO  o.e.m.c.i.e.AbstractTransferListenerAdapter - Downloading https://repo.maven.apache.org/maven2/javax/ws/rs/javax.ws.rs-api/2.0.1/javax.ws.rs-api-2.0.1.jar
2019-03-02 23:54:38,838 [Worker-7: Creating jersey-quickstart-webapp] INFO  o.e.m.c.i.e.AbstractTransferListenerAdapter - Downloaded https://repo.maven.apache.org/maven2/javax/ws/rs/javax.ws.rs-api/2.0.1/javax.ws.rs-api-2.0.1.jar
2019-03-02 23:54:41,153 [Worker-7: Creating jersey-quickstart-webapp] INFO  o.e.m.j.i.AbstractJavaProjectConfigurator - Adding source folder /messenger/src/main/java
2019-03-02 23:54:41,153 [Worker-7: Creating jersey-quickstart-webapp] INFO  o.e.m.j.i.AbstractJavaProjectConfigurator - Adding resource folder /messenger/src/main/resources
2019-03-02 23:54:41,157 [Worker-7: Creating jersey-quickstart-webapp] INFO  o.e.m.j.i.AbstractJavaProjectConfigurator - Adding source folder /messenger/src/test/java
2019-03-02 23:54:42,889 [Worker-1: Download sources and javadoc] INFO  o.e.m.c.i.e.AbstractTransferListenerAdapter - Downloading https://repo.maven.apache.org/maven2/org/glassfish/jersey/containers/jersey-container-servlet-core/2.16/jersey-container-servlet-core-2.16-sources.jar
2019-03-02 23:54:43,358 [Worker-1: Download sources and javadoc] INFO  o.e.m.c.i.e.AbstractTransferListenerAdapter - Downloaded https://repo.maven.apache.org/maven2/org/glassfish/jersey/containers/jersey-container-servlet-core/2.16/jersey-container-servlet-core-2.16-sources.jar
2019-03-02 23:54:43,478 [Worker-7: Creating jersey-quickstart-webapp] INFO  o.e.m.c.i.p.ProjectConfigurationManager - Imported and configured 1 project(s) in 31 sec
2019-03-02 23:54:43,508 [Worker-1: Download sources and javadoc] INFO  o.e.m.j.internal.DownloadSourcesJob - Downloaded sources for org.glassfish.jersey.containers:jersey-container-servlet-core:2.16
2019-03-02 23:54:43,668 [Worker-1: Download sources and javadoc] INFO  o.e.m.c.i.e.AbstractTransferListenerAdapter - Downloading https://repo.maven.apache.org/maven2/org/glassfish/hk2/external/javax.inject/2.4.0-b09/javax.inject-2.4.0-b09-sources.jar
2019-03-02 23:54:43,831 [Worker-1: Download sources and javadoc] INFO  o.e.m.c.i.e.AbstractTransferListenerAdapter - Downloaded https://repo.maven.apache.org/maven2/org/glassfish/hk2/external/javax.inject/2.4.0-b09/javax.inject-2.4.0-b09-sources.jar
2019-03-02 23:54:43,989 [Worker-1: Download sources and javadoc] INFO  o.e.m.j.internal.DownloadSourcesJob - Downloaded sources for org.glassfish.hk2.external:javax.inject:2.4.0-b09
2019-03-02 23:54:44,208 [Worker-1: Download sources and javadoc] INFO  o.e.m.c.i.e.AbstractTransferListenerAdapter - Downloading https://repo.maven.apache.org/maven2/org/glassfish/jersey/core/jersey-common/2.16/jersey-common-2.16-sources.jar
2019-03-02 23:54:45,181 [Worker-1: Download sources and javadoc] INFO  o.e.m.c.i.e.AbstractTransferListenerAdapter - Downloaded https://repo.maven.apache.org/maven2/org/glassfish/jersey/core/jersey-common/2.16/jersey-common-2.16-sources.jar
2019-03-02 23:54:45,322 [Worker-1: Download sources and javadoc] INFO  o.e.m.j.internal.DownloadSourcesJob - Downloaded sources for org.glassfish.jersey.core:jersey-common:2.16
2019-03-02 23:54:45,530 [Worker-1: Download sources and javadoc] INFO  o.e.m.c.i.e.AbstractTransferListenerAdapter - Downloading https://repo.maven.apache.org/maven2/javax/annotation/javax.annotation-api/1.2/javax.annotation-api-1.2-sources.jar
2019-03-02 23:54:45,655 [Worker-14: Building workspace] INFO  o.e.m.c.i.embedder.EclipseLogger - Using 'UTF-8' encoding to copy filtered resources.
2019-03-02 23:54:45,674 [Worker-14: Building workspace] INFO  o.e.m.c.i.embedder.EclipseLogger - Copying 0 resource
2019-03-02 23:54:45,677 [Worker-14: Building workspace] INFO  o.e.m.c.i.embedder.EclipseLogger - Using 'UTF-8' encoding to copy filtered resources.
2019-03-02 23:54:45,678 [Worker-14: Building workspace] INFO  o.e.m.c.i.embedder.EclipseLogger - skip non existing resourceDirectory E:\Java\messenger\src\test\resources
2019-03-02 23:54:45,693 [Worker-1: Download sources and javadoc] INFO  o.e.m.c.i.e.AbstractTransferListenerAdapter - Downloaded https://repo.maven.apache.org/maven2/javax/annotation/javax.annotation-api/1.2/javax.annotation-api-1.2-sources.jar
2019-03-02 23:54:45,755 [Worker-1: Download sources and javadoc] INFO  o.e.m.j.internal.DownloadSourcesJob - Downloaded sources for javax.annotation:javax.annotation-api:1.2
2019-03-02 23:54:45,933 [Worker-1: Download sources and javadoc] INFO  o.e.m.c.i.e.AbstractTransferListenerAdapter - Downloading https://repo.maven.apache.org/maven2/org/glassfish/jersey/bundles/repackaged/jersey-guava/2.16/jersey-guava-2.16-sources.jar
2019-03-02 23:54:46,649 [Worker-1: Download sources and javadoc] INFO  o.e.m.c.i.e.AbstractTransferListenerAdapter - Downloaded https://repo.maven.apache.org/maven2/org/glassfish/jersey/bundles/repackaged/jersey-guava/2.16/jersey-guava-2.16-sources.jar
2019-03-02 23:54:46,899 [Worker-1: Download sources and javadoc] INFO  o.e.m.j.internal.DownloadSourcesJob - Downloaded sources for org.glassfish.jersey.bundles.repackaged:jersey-guava:2.16
2019-03-02 23:54:47,066 [Worker-1: Download sources and javadoc] INFO  o.e.m.c.i.e.AbstractTransferListenerAdapter - Downloading https://repo.maven.apache.org/maven2/org/glassfish/hk2/hk2-api/2.4.0-b09/hk2-api-2.4.0-b09-sources.jar
2019-03-02 23:54:47,250 [Worker-1: Download sources and javadoc] INFO  o.e.m.c.i.e.AbstractTransferListenerAdapter - Downloaded https://repo.maven.apache.org/maven2/org/glassfish/hk2/hk2-api/2.4.0-b09/hk2-api-2.4.0-b09-sources.jar
2019-03-02 23:54:47,338 [Worker-1: Download sources and javadoc] INFO  o.e.m.j.internal.DownloadSourcesJob - Downloaded sources for org.glassfish.hk2:hk2-api:2.4.0-b09
2019-03-02 23:54:47,514 [Worker-1: Download sources and javadoc] INFO  o.e.m.c.i.e.AbstractTransferListenerAdapter - Downloading https://repo.maven.apache.org/maven2/org/glassfish/hk2/hk2-utils/2.4.0-b09/hk2-utils-2.4.0-b09-sources.jar
2019-03-02 23:54:47,675 [Worker-1: Download sources and javadoc] INFO  o.e.m.c.i.e.AbstractTransferListenerAdapter - Downloaded https://repo.maven.apache.org/maven2/org/glassfish/hk2/hk2-utils/2.4.0-b09/hk2-utils-2.4.0-b09-sources.jar
2019-03-02 23:54:47,758 [Worker-1: Download sources and javadoc] INFO  o.e.m.j.internal.DownloadSourcesJob - Downloaded sources for org.glassfish.hk2:hk2-utils:2.4.0-b09
2019-03-02 23:54:47,924 [Worker-1: Download sources and javadoc] INFO  o.e.m.c.i.e.AbstractTransferListenerAdapter - Downloading https://repo.maven.apache.org/maven2/org/glassfish/hk2/external/aopalliance-repackaged/2.4.0-b09/aopalliance-repackaged-2.4.0-b09-sources.jar
2019-03-02 23:54:48,085 [Worker-1: Download sources and javadoc] INFO  o.e.m.c.i.e.AbstractTransferListenerAdapter - Downloaded https://repo.maven.apache.org/maven2/org/glassfish/hk2/external/aopalliance-repackaged/2.4.0-b09/aopalliance-repackaged-2.4.0-b09-sources.jar
2019-03-02 23:54:48,179 [Worker-1: Download sources and javadoc] INFO  o.e.m.j.internal.DownloadSourcesJob - Downloaded sources for org.glassfish.hk2.external:aopalliance-repackaged:2.4.0-b09
2019-03-02 23:54:48,347 [Worker-1: Download sources and javadoc] INFO  o.e.m.c.i.e.AbstractTransferListenerAdapter - Downloading https://repo.maven.apache.org/maven2/org/glassfish/hk2/hk2-locator/2.4.0-b09/hk2-locator-2.4.0-b09-sources.jar
2019-03-02 23:54:48,551 [Worker-1: Download sources and javadoc] INFO  o.e.m.c.i.e.AbstractTransferListenerAdapter - Downloaded https://repo.maven.apache.org/maven2/org/glassfish/hk2/hk2-locator/2.4.0-b09/hk2-locator-2.4.0-b09-sources.jar
2019-03-02 23:54:48,600 [Worker-1: Download sources and javadoc] INFO  o.e.m.j.internal.DownloadSourcesJob - Downloaded sources for org.glassfish.hk2:hk2-locator:2.4.0-b09
2019-03-02 23:54:48,766 [Worker-1: Download sources and javadoc] INFO  o.e.m.c.i.e.AbstractTransferListenerAdapter - Downloading https://repo.maven.apache.org/maven2/org/javassist/javassist/3.18.1-GA/javassist-3.18.1-GA-sources.jar
2019-03-02 23:54:48,983 [Worker-1: Download sources and javadoc] INFO  o.e.m.c.i.e.AbstractTransferListenerAdapter - Downloaded https://repo.maven.apache.org/maven2/org/javassist/javassist/3.18.1-GA/javassist-3.18.1-GA-sources.jar
2019-03-02 23:54:49,117 [Worker-1: Download sources and javadoc] INFO  o.e.m.j.internal.DownloadSourcesJob - Downloaded sources for org.javassist:javassist:3.18.1-GA
2019-03-02 23:54:49,280 [Worker-1: Download sources and javadoc] INFO  o.e.m.c.i.e.AbstractTransferListenerAdapter - Downloading https://repo.maven.apache.org/maven2/org/glassfish/hk2/osgi-resource-locator/1.0.1/osgi-resource-locator-1.0.1-sources.jar
2019-03-02 23:54:49,460 [Worker-1: Download sources and javadoc] INFO  o.e.m.c.i.e.AbstractTransferListenerAdapter - Downloaded https://repo.maven.apache.org/maven2/org/glassfish/hk2/osgi-resource-locator/1.0.1/osgi-resource-locator-1.0.1-sources.jar
2019-03-02 23:54:49,564 [Worker-1: Download sources and javadoc] INFO  o.e.m.j.internal.DownloadSourcesJob - Downloaded sources for org.glassfish.hk2:osgi-resource-locator:1.0.1
2019-03-02 23:54:49,736 [Worker-1: Download sources and javadoc] INFO  o.e.m.c.i.e.AbstractTransferListenerAdapter - Downloading https://repo.maven.apache.org/maven2/org/glassfish/jersey/core/jersey-server/2.16/jersey-server-2.16-sources.jar
2019-03-02 23:54:52,559 [Worker-1: Download sources and javadoc] INFO  o.e.m.c.i.e.AbstractTransferListenerAdapter - Downloaded https://repo.maven.apache.org/maven2/org/glassfish/jersey/core/jersey-server/2.16/jersey-server-2.16-sources.jar
2019-03-02 23:54:52,633 [Worker-1: Download sources and javadoc] INFO  o.e.m.j.internal.DownloadSourcesJob - Downloaded sources for org.glassfish.jersey.core:jersey-server:2.16
2019-03-02 23:54:52,794 [Worker-1: Download sources and javadoc] INFO  o.e.m.c.i.e.AbstractTransferListenerAdapter - Downloading https://repo.maven.apache.org/maven2/org/glassfish/jersey/core/jersey-client/2.16/jersey-client-2.16-sources.jar
2019-03-02 23:54:52,966 [Worker-1: Download sources and javadoc] INFO  o.e.m.c.i.e.AbstractTransferListenerAdapter - Downloaded https://repo.maven.apache.org/maven2/org/glassfish/jersey/core/jersey-client/2.16/jersey-client-2.16-sources.jar
2019-03-02 23:54:53,267 [Worker-1: Download sources and javadoc] INFO  o.e.m.j.internal.DownloadSourcesJob - Downloaded sources for org.glassfish.jersey.core:jersey-client:2.16
2019-03-02 23:54:53,519 [Worker-1: Download sources and javadoc] INFO  o.e.m.c.i.e.AbstractTransferListenerAdapter - Downloading https://repo.maven.apache.org/maven2/org/glassfish/jersey/media/jersey-media-jaxb/2.16/jersey-media-jaxb-2.16-sources.jar
2019-03-02 23:54:53,716 [Worker-1: Download sources and javadoc] INFO  o.e.m.c.i.e.AbstractTransferListenerAdapter - Downloaded https://repo.maven.apache.org/maven2/org/glassfish/jersey/media/jersey-media-jaxb/2.16/jersey-media-jaxb-2.16-sources.jar
2019-03-02 23:54:53,792 [Worker-1: Download sources and javadoc] INFO  o.e.m.j.internal.DownloadSourcesJob - Downloaded sources for org.glassfish.jersey.media:jersey-media-jaxb:2.16
2019-03-02 23:54:53,955 [Worker-1: Download sources and javadoc] INFO  o.e.m.c.i.e.AbstractTransferListenerAdapter - Downloading https://repo.maven.apache.org/maven2/javax/validation/validation-api/1.1.0.Final/validation-api-1.1.0.Final-sources.jar
2019-03-02 23:54:54,121 [Worker-1: Download sources and javadoc] INFO  o.e.m.c.i.e.AbstractTransferListenerAdapter - Downloaded https://repo.maven.apache.org/maven2/javax/validation/validation-api/1.1.0.Final/validation-api-1.1.0.Final-sources.jar
2019-03-02 23:54:54,226 [Worker-1: Download sources and javadoc] INFO  o.e.m.j.internal.DownloadSourcesJob - Downloaded sources for javax.validation:validation-api:1.1.0.Final
2019-03-02 23:54:54,411 [Worker-1: Download sources and javadoc] INFO  o.e.m.c.i.e.AbstractTransferListenerAdapter - Downloading https://repo.maven.apache.org/maven2/javax/ws/rs/javax.ws.rs-api/2.0.1/javax.ws.rs-api-2.0.1-sources.jar
2019-03-02 23:54:54,771 [Worker-1: Download sources and javadoc] INFO  o.e.m.c.i.e.AbstractTransferListenerAdapter - Downloaded https://repo.maven.apache.org/maven2/javax/ws/rs/javax.ws.rs-api/2.0.1/javax.ws.rs-api-2.0.1-sources.jar
2019-03-02 23:54:54,954 [Worker-1: Download sources and javadoc] INFO  o.e.m.j.internal.DownloadSourcesJob - Downloaded sources for javax.ws.rs:javax.ws.rs-api:2.0.1
2019-03-02 23:54:54,959 [Worker-1: Download sources and javadoc] INFO  o.e.m.j.internal.DownloadSourcesJob - Downloaded sources for org.glassfish.jersey.containers:jersey-container-servlet-core:2.16
2019-03-02 23:54:54,963 [Worker-1: Download sources and javadoc] INFO  o.e.m.j.internal.DownloadSourcesJob - Downloaded sources for org.glassfish.hk2.external:javax.inject:2.4.0-b09
2019-03-02 23:54:54,967 [Worker-1: Download sources and javadoc] INFO  o.e.m.j.internal.DownloadSourcesJob - Downloaded sources for org.glassfish.jersey.core:jersey-common:2.16
2019-03-02 23:54:54,971 [Worker-1: Download sources and javadoc] INFO  o.e.m.j.internal.DownloadSourcesJob - Downloaded sources for javax.annotation:javax.annotation-api:1.2
2019-03-02 23:54:54,974 [Worker-1: Download sources and javadoc] INFO  o.e.m.j.internal.DownloadSourcesJob - Downloaded sources for org.glassfish.jersey.bundles.repackaged:jersey-guava:2.16
2019-03-02 23:54:54,978 [Worker-1: Download sources and javadoc] INFO  o.e.m.j.internal.DownloadSourcesJob - Downloaded sources for org.glassfish.hk2:hk2-api:2.4.0-b09
2019-03-02 23:54:54,982 [Worker-1: Download sources and javadoc] INFO  o.e.m.j.internal.DownloadSourcesJob - Downloaded sources for org.glassfish.hk2:hk2-utils:2.4.0-b09
2019-03-02 23:54:54,986 [Worker-1: Download sources and javadoc] INFO  o.e.m.j.internal.DownloadSourcesJob - Downloaded sources for org.glassfish.hk2.external:aopalliance-repackaged:2.4.0-b09
2019-03-02 23:54:54,989 [Worker-1: Download sources and javadoc] INFO  o.e.m.j.internal.DownloadSourcesJob - Downloaded sources for org.glassfish.hk2:hk2-locator:2.4.0-b09
2019-03-02 23:54:54,993 [Worker-1: Download sources and javadoc] INFO  o.e.m.j.internal.DownloadSourcesJob - Downloaded sources for org.javassist:javassist:3.18.1-GA
2019-03-02 23:54:54,997 [Worker-1: Download sources and javadoc] INFO  o.e.m.j.internal.DownloadSourcesJob - Downloaded sources for org.glassfish.hk2:osgi-resource-locator:1.0.1
2019-03-02 23:54:55,001 [Worker-1: Download sources and javadoc] INFO  o.e.m.j.internal.DownloadSourcesJob - Downloaded sources for org.glassfish.jersey.core:jersey-server:2.16
2019-03-02 23:54:55,005 [Worker-1: Download sources and javadoc] INFO  o.e.m.j.internal.DownloadSourcesJob - Downloaded sources for org.glassfish.jersey.core:jersey-client:2.16
2019-03-02 23:54:55,008 [Worker-1: Download sources and javadoc] INFO  o.e.m.j.internal.DownloadSourcesJob - Downloaded sources for org.glassfish.jersey.media:jersey-media-jaxb:2.16
2019-03-02 23:54:55,012 [Worker-1: Download sources and javadoc] INFO  o.e.m.j.internal.DownloadSourcesJob - Downloaded sources for javax.validation:validation-api:1.1.0.Final
2019-03-02 23:54:55,015 [Worker-1: Download sources and javadoc] INFO  o.e.m.j.internal.DownloadSourcesJob - Downloaded sources for javax.ws.rs:javax.ws.rs-api:2.0.1
2019-03-02 23:54:55,309 [Worker-16: Building workspace] INFO  o.e.m.c.i.embedder.EclipseLogger - Using 'UTF-8' encoding to copy filtered resources.
2019-03-02 23:54:55,311 [Worker-16: Building workspace] INFO  o.e.m.c.i.embedder.EclipseLogger - Copying 0 resource
2019-03-02 23:54:55,313 [Worker-16: Building workspace] INFO  o.e.m.c.i.embedder.EclipseLogger - Using 'UTF-8' encoding to copy filtered resources.
2019-03-02 23:54:55,314 [Worker-16: Building workspace] INFO  o.e.m.c.i.embedder.EclipseLogger - skip non existing resourceDirectory E:\Java\messenger\src\test\resources
2019-03-03 00:08:45,499 [Worker-29: Building workspace] INFO  o.e.m.c.i.embedder.EclipseLogger - Using 'UTF-8' encoding to copy filtered resources.
2019-03-03 00:08:45,500 [Worker-29: Building workspace] INFO  o.e.m.c.i.embedder.EclipseLogger - Copying 0 resource
2019-03-03 00:08:45,523 [Worker-29: Building workspace] INFO  o.e.m.c.i.embedder.EclipseLogger - Using 'UTF-8' encoding to copy filtered resources.
2019-03-03 00:08:45,523 [Worker-29: Building workspace] INFO  o.e.m.c.i.embedder.EclipseLogger - skip non existing resourceDirectory E:\Java\messenger\src\test\resources
2019-03-03 00:14:24,423 [Worker-27: Building workspace] INFO  o.e.m.c.i.embedder.EclipseLogger - Using 'UTF-8' encoding to copy filtered resources.
2019-03-03 00:14:24,424 [Worker-27: Building workspace] INFO  o.e.m.c.i.embedder.EclipseLogger - Copying 0 resource
2019-03-03 00:14:24,426 [Worker-27: Building workspace] INFO  o.e.m.c.i.embedder.EclipseLogger - Using 'UTF-8' encoding to copy filtered resources.
2019-03-03 00:14:24,426 [Worker-27: Building workspace] INFO  o.e.m.c.i.embedder.EclipseLogger - skip non existing resourceDirectory E:\Java\messenger\src\test\resources
2019-03-03 00:15:56,254 [Worker-29: Building workspace] INFO  o.e.m.c.i.embedder.EclipseLogger - Using 'UTF-8' encoding to copy filtered resources.
2019-03-03 00:15:56,254 [Worker-29: Building workspace] INFO  o.e.m.c.i.embedder.EclipseLogger - Copying 0 resource
2019-03-03 00:15:56,256 [Worker-29: Building workspace] INFO  o.e.m.c.i.embedder.EclipseLogger - Using 'UTF-8' encoding to copy filtered resources.
2019-03-03 00:15:56,256 [Worker-29: Building workspace] INFO  o.e.m.c.i.embedder.EclipseLogger - skip non existing resourceDirectory E:\Java\messenger\src\test\resources
2019-03-03 00:47:03,523 [Worker-37: Building workspace] INFO  o.e.m.c.i.embedder.EclipseLogger - Using 'UTF-8' encoding to copy filtered resources.
2019-03-03 00:47:03,534 [Worker-37: Building workspace] INFO  o.e.m.c.i.embedder.EclipseLogger - Copying 0 resource
2019-03-03 00:47:03,540 [Worker-37: Building workspace] INFO  o.e.m.c.i.embedder.EclipseLogger - Using 'UTF-8' encoding to copy filtered resources.
2019-03-03 00:47:03,540 [Worker-37: Building workspace] INFO  o.e.m.c.i.embedder.EclipseLogger - skip non existing resourceDirectory E:\Java\messenger\src\test\resources
2019-03-03 00:48:30,656 [Worker-37: Building workspace] INFO  o.e.m.c.i.embedder.EclipseLogger - Using 'UTF-8' encoding to copy filtered resources.
2019-03-03 00:48:30,657 [Worker-37: Building workspace] INFO  o.e.m.c.i.embedder.EclipseLogger - Copying 0 resource
2019-03-03 00:48:30,659 [Worker-37: Building workspace] INFO  o.e.m.c.i.embedder.EclipseLogger - Using 'UTF-8' encoding to copy filtered resources.
2019-03-03 00:48:30,659 [Worker-37: Building workspace] INFO  o.e.m.c.i.embedder.EclipseLogger - skip non existing resourceDirectory E:\Java\messenger\src\test\resources
2019-03-03 00:50:04,675 [Worker-37: Building workspace] INFO  o.e.m.c.i.embedder.EclipseLogger - Using 'UTF-8' encoding to copy filtered resources.
2019-03-03 00:50:04,676 [Worker-37: Building workspace] INFO  o.e.m.c.i.embedder.EclipseLogger - Copying 0 resource
2019-03-03 00:50:04,679 [Worker-37: Building workspace] INFO  o.e.m.c.i.embedder.EclipseLogger - Using 'UTF-8' encoding to copy filtered resources.
2019-03-03 00:50:04,679 [Worker-37: Building workspace] INFO  o.e.m.c.i.embedder.EclipseLogger - skip non existing resourceDirectory E:\Java\messenger\src\test\resources
2019-03-03 00:51:09,508 [Worker-37: Building workspace] INFO  o.e.m.c.i.embedder.EclipseLogger - Using 'UTF-8' encoding to copy filtered resources.
2019-03-03 00:51:09,509 [Worker-37: Building workspace] INFO  o.e.m.c.i.embedder.EclipseLogger - Copying 0 resource
2019-03-03 00:51:09,511 [Worker-37: Building workspace] INFO  o.e.m.c.i.embedder.EclipseLogger - Using 'UTF-8' encoding to copy filtered resources.
2019-03-03 00:51:09,511 [Worker-37: Building workspace] INFO  o.e.m.c.i.embedder.EclipseLogger - skip non existing resourceDirectory E:\Java\messenger\src\test\resources
2019-03-03 00:52:55,621 [Worker-41: Building workspace] INFO  o.e.m.c.i.embedder.EclipseLogger - Using 'UTF-8' encoding to copy filtered resources.
2019-03-03 00:52:55,622 [Worker-41: Building workspace] INFO  o.e.m.c.i.embedder.EclipseLogger - Copying 0 resource
2019-03-03 00:52:55,625 [Worker-41: Building workspace] INFO  o.e.m.c.i.embedder.EclipseLogger - Using 'UTF-8' encoding to copy filtered resources.
2019-03-03 00:52:55,625 [Worker-41: Building workspace] INFO  o.e.m.c.i.embedder.EclipseLogger - skip non existing resourceDirectory E:\Java\messenger\src\test\resources
2019-03-03 00:55:05,818 [Worker-39: Building workspace] INFO  o.e.m.c.i.embedder.EclipseLogger - Using 'UTF-8' encoding to copy filtered resources.
2019-03-03 00:55:05,819 [Worker-39: Building workspace] INFO  o.e.m.c.i.embedder.EclipseLogger - Copying 0 resource
2019-03-03 00:55:05,821 [Worker-39: Building workspace] INFO  o.e.m.c.i.embedder.EclipseLogger - Using 'UTF-8' encoding to copy filtered resources.
2019-03-03 00:55:05,821 [Worker-39: Building workspace] INFO  o.e.m.c.i.embedder.EclipseLogger - skip non existing resourceDirectory E:\Java\messenger\src\test\resources
2019-03-03 00:55:56,324 [Worker-44: Building workspace] INFO  o.e.m.c.i.embedder.EclipseLogger - Using 'UTF-8' encoding to copy filtered resources.
2019-03-03 00:55:56,325 [Worker-44: Building workspace] INFO  o.e.m.c.i.embedder.EclipseLogger - Copying 0 resource
2019-03-03 00:55:56,327 [Worker-44: Building workspace] INFO  o.e.m.c.i.embedder.EclipseLogger - Using 'UTF-8' encoding to copy filtered resources.
2019-03-03 00:55:56,327 [Worker-44: Building workspace] INFO  o.e.m.c.i.embedder.EclipseLogger - skip non existing resourceDirectory E:\Java\messenger\src\test\resources
2019-03-03 00:57:47,331 [Worker-40: Building workspace] INFO  o.e.m.c.i.embedder.EclipseLogger - Using 'UTF-8' encoding to copy filtered resources.
2019-03-03 00:57:47,332 [Worker-40: Building workspace] INFO  o.e.m.c.i.embedder.EclipseLogger - Copying 0 resource
2019-03-03 00:57:47,333 [Worker-40: Building workspace] INFO  o.e.m.c.i.embedder.EclipseLogger - Using 'UTF-8' encoding to copy filtered resources.
2019-03-03 00:57:47,334 [Worker-40: Building workspace] INFO  o.e.m.c.i.embedder.EclipseLogger - skip non existing resourceDirectory E:\Java\messenger\src\test\resources
2019-03-03 00:59:00,576 [Worker-44: Building workspace] INFO  o.e.m.c.i.embedder.EclipseLogger - Using 'UTF-8' encoding to copy filtered resources.
2019-03-03 00:59:00,577 [Worker-44: Building workspace] INFO  o.e.m.c.i.embedder.EclipseLogger - Copying 0 resource
2019-03-03 00:59:00,579 [Worker-44: Building workspace] INFO  o.e.m.c.i.embedder.EclipseLogger - Using 'UTF-8' encoding to copy filtered resources.
2019-03-03 00:59:00,579 [Worker-44: Building workspace] INFO  o.e.m.c.i.embedder.EclipseLogger - skip non existing resourceDirectory E:\Java\messenger\src\test\resources
2019-03-03 01:01:29,928 [Worker-44: Building workspace] INFO  o.e.m.c.i.embedder.EclipseLogger - Using 'UTF-8' encoding to copy filtered resources.
2019-03-03 01:01:29,929 [Worker-44: Building workspace] INFO  o.e.m.c.i.embedder.EclipseLogger - Copying 0 resource
2019-03-03 01:01:29,931 [Worker-44: Building workspace] INFO  o.e.m.c.i.embedder.EclipseLogger - Using 'UTF-8' encoding to copy filtered resources.
2019-03-03 01:01:29,931 [Worker-44: Building workspace] INFO  o.e.m.c.i.embedder.EclipseLogger - skip non existing resourceDirectory E:\Java\messenger\src\test\resources
2019-03-03 01:01:32,937 [Worker-45: Building workspace] INFO  o.e.m.c.i.embedder.EclipseLogger - Using 'UTF-8' encoding to copy filtered resources.
2019-03-03 01:01:32,938 [Worker-45: Building workspace] INFO  o.e.m.c.i.embedder.EclipseLogger - Copying 0 resource
2019-03-03 01:01:32,941 [Worker-45: Building workspace] INFO  o.e.m.c.i.embedder.EclipseLogger - Using 'UTF-8' encoding to copy filtered resources.
2019-03-03 01:01:32,941 [Worker-45: Building workspace] INFO  o.e.m.c.i.embedder.EclipseLogger - skip non existing resourceDirectory E:\Java\messenger\src\test\resources
2019-03-03 01:02:57,380 [Worker-40: Building workspace] INFO  o.e.m.c.i.embedder.EclipseLogger - Using 'UTF-8' encoding to copy filtered resources.
2019-03-03 01:02:57,381 [Worker-40: Building workspace] INFO  o.e.m.c.i.embedder.EclipseLogger - Copying 0 resource
2019-03-03 01:02:57,385 [Worker-40: Building workspace] INFO  o.e.m.c.i.embedder.EclipseLogger - Using 'UTF-8' encoding to copy filtered resources.
2019-03-03 01:02:57,385 [Worker-40: Building workspace] INFO  o.e.m.c.i.embedder.EclipseLogger - skip non existing resourceDirectory E:\Java\messenger\src\test\resources
2019-03-03 01:04:20,924 [Worker-45: Building workspace] INFO  o.e.m.c.i.embedder.EclipseLogger - Using 'UTF-8' encoding to copy filtered resources.
2019-03-03 01:04:20,924 [Worker-45: Building workspace] INFO  o.e.m.c.i.embedder.EclipseLogger - Copying 0 resource
2019-03-03 01:04:20,926 [Worker-45: Building workspace] INFO  o.e.m.c.i.embedder.EclipseLogger - Using 'UTF-8' encoding to copy filtered resources.
2019-03-03 01:04:20,926 [Worker-45: Building workspace] INFO  o.e.m.c.i.embedder.EclipseLogger - skip non existing resourceDirectory E:\Java\messenger\src\test\resources
2019-03-03 01:05:30,989 [Worker-40: Building workspace] INFO  o.e.m.c.i.embedder.EclipseLogger - Using 'UTF-8' encoding to copy filtered resources.
2019-03-03 01:05:30,989 [Worker-40: Building workspace] INFO  o.e.m.c.i.embedder.EclipseLogger - Copying 0 resource
2019-03-03 01:05:30,992 [Worker-40: Building workspace] INFO  o.e.m.c.i.embedder.EclipseLogger - Using 'UTF-8' encoding to copy filtered resources.
2019-03-03 01:05:30,992 [Worker-40: Building workspace] INFO  o.e.m.c.i.embedder.EclipseLogger - skip non existing resourceDirectory E:\Java\messenger\src\test\resources
2019-03-03 01:05:44,319 [Worker-37: Building workspace] INFO  o.e.m.c.i.embedder.EclipseLogger - Using 'UTF-8' encoding to copy filtered resources.
2019-03-03 01:05:44,320 [Worker-37: Building workspace] INFO  o.e.m.c.i.embedder.EclipseLogger - Copying 0 resource
2019-03-03 01:05:44,322 [Worker-37: Building workspace] INFO  o.e.m.c.i.embedder.EclipseLogger - Using 'UTF-8' encoding to copy filtered resources.
2019-03-03 01:05:44,322 [Worker-37: Building workspace] INFO  o.e.m.c.i.embedder.EclipseLogger - skip non existing resourceDirectory E:\Java\messenger\src\test\resources
2019-03-03 01:06:05,259 [Worker-47: Building workspace] INFO  o.e.m.c.i.embedder.EclipseLogger - Using 'UTF-8' encoding to copy filtered resources.
2019-03-03 01:06:05,260 [Worker-47: Building workspace] INFO  o.e.m.c.i.embedder.EclipseLogger - Copying 0 resource
2019-03-03 01:06:05,262 [Worker-47: Building workspace] INFO  o.e.m.c.i.embedder.EclipseLogger - Using 'UTF-8' encoding to copy filtered resources.
2019-03-03 01:06:05,262 [Worker-47: Building workspace] INFO  o.e.m.c.i.embedder.EclipseLogger - skip non existing resourceDirectory E:\Java\messenger\src\test\resources
2019-03-03 01:07:06,590 [Worker-37: Building workspace] INFO  o.e.m.c.i.embedder.EclipseLogger - Using 'UTF-8' encoding to copy filtered resources.
2019-03-03 01:07:06,591 [Worker-37: Building workspace] INFO  o.e.m.c.i.embedder.EclipseLogger - Copying 0 resource
2019-03-03 01:07:06,593 [Worker-37: Building workspace] INFO  o.e.m.c.i.embedder.EclipseLogger - Using 'UTF-8' encoding to copy filtered resources.
2019-03-03 01:07:06,593 [Worker-37: Building workspace] INFO  o.e.m.c.i.embedder.EclipseLogger - skip non existing resourceDirectory E:\Java\messenger\src\test\resources
2019-03-03 01:08:27,450 [Worker-46: Building workspace] INFO  o.e.m.c.i.embedder.EclipseLogger - Using 'UTF-8' encoding to copy filtered resources.
2019-03-03 01:08:27,450 [Worker-46: Building workspace] INFO  o.e.m.c.i.embedder.EclipseLogger - Copying 0 resource
2019-03-03 01:08:27,452 [Worker-46: Building workspace] INFO  o.e.m.c.i.embedder.EclipseLogger - Using 'UTF-8' encoding to copy filtered resources.
2019-03-03 01:08:27,452 [Worker-46: Building workspace] INFO  o.e.m.c.i.embedder.EclipseLogger - skip non existing resourceDirectory E:\Java\messenger\src\test\resources
2019-03-03 01:10:35,386 [Worker-46: Building workspace] INFO  o.e.m.c.i.embedder.EclipseLogger - Using 'UTF-8' encoding to copy filtered resources.
2019-03-03 01:10:35,387 [Worker-46: Building workspace] INFO  o.e.m.c.i.embedder.EclipseLogger - Copying 0 resource
2019-03-03 01:10:35,388 [Worker-46: Building workspace] INFO  o.e.m.c.i.embedder.EclipseLogger - Using 'UTF-8' encoding to copy filtered resources.
2019-03-03 01:10:35,389 [Worker-46: Building workspace] INFO  o.e.m.c.i.embedder.EclipseLogger - skip non existing resourceDirectory E:\Java\messenger\src\test\resources
2019-03-03 01:11:29,464 [Worker-46: Building workspace] INFO  o.e.m.c.i.embedder.EclipseLogger - Using 'UTF-8' encoding to copy filtered resources.
2019-03-03 01:11:29,465 [Worker-46: Building workspace] INFO  o.e.m.c.i.embedder.EclipseLogger - Copying 0 resource
2019-03-03 01:11:29,467 [Worker-46: Building workspace] INFO  o.e.m.c.i.embedder.EclipseLogger - Using 'UTF-8' encoding to copy filtered resources.
2019-03-03 01:11:29,467 [Worker-46: Building workspace] INFO  o.e.m.c.i.embedder.EclipseLogger - skip non existing resourceDirectory E:\Java\messenger\src\test\resources
2019-03-03 01:11:43,672 [Worker-47: Building workspace] INFO  o.e.m.c.i.embedder.EclipseLogger - Using 'UTF-8' encoding to copy filtered resources.
2019-03-03 01:11:43,672 [Worker-47: Building workspace] INFO  o.e.m.c.i.embedder.EclipseLogger - Copying 0 resource
2019-03-03 01:11:43,674 [Worker-47: Building workspace] INFO  o.e.m.c.i.embedder.EclipseLogger - Using 'UTF-8' encoding to copy filtered resources.
2019-03-03 01:11:43,674 [Worker-47: Building workspace] INFO  o.e.m.c.i.embedder.EclipseLogger - skip non existing resourceDirectory E:\Java\messenger\src\test\resources
2019-03-03 01:11:55,800 [Worker-44: Building workspace] INFO  o.e.m.c.i.embedder.EclipseLogger - Using 'UTF-8' encoding to copy filtered resources.
2019-03-03 01:11:55,801 [Worker-44: Building workspace] INFO  o.e.m.c.i.embedder.EclipseLogger - Copying 0 resource
2019-03-03 01:11:55,802 [Worker-44: Building workspace] INFO  o.e.m.c.i.embedder.EclipseLogger - Using 'UTF-8' encoding to copy filtered resources.
2019-03-03 01:11:55,803 [Worker-44: Building workspace] INFO  o.e.m.c.i.embedder.EclipseLogger - skip non existing resourceDirectory E:\Java\messenger\src\test\resources
2019-03-03 01:12:28,006 [Worker-45: Building workspace] INFO  o.e.m.c.i.embedder.EclipseLogger - Using 'UTF-8' encoding to copy filtered resources.
2019-03-03 01:12:28,006 [Worker-45: Building workspace] INFO  o.e.m.c.i.embedder.EclipseLogger - Copying 0 resource
2019-03-03 01:12:28,008 [Worker-45: Building workspace] INFO  o.e.m.c.i.embedder.EclipseLogger - Using 'UTF-8' encoding to copy filtered resources.
2019-03-03 01:12:28,008 [Worker-45: Building workspace] INFO  o.e.m.c.i.embedder.EclipseLogger - skip non existing resourceDirectory E:\Java\messenger\src\test\resources
2019-03-03 01:12:42,418 [Worker-48: Building workspace] INFO  o.e.m.c.i.embedder.EclipseLogger - Using 'UTF-8' encoding to copy filtered resources.
2019-03-03 01:12:42,418 [Worker-48: Building workspace] INFO  o.e.m.c.i.embedder.EclipseLogger - Copying 0 resource
2019-03-03 01:12:42,420 [Worker-48: Building workspace] INFO  o.e.m.c.i.embedder.EclipseLogger - Using 'UTF-8' encoding to copy filtered resources.
2019-03-03 01:12:42,420 [Worker-48: Building workspace] INFO  o.e.m.c.i.embedder.EclipseLogger - skip non existing resourceDirectory E:\Java\messenger\src\test\resources
2019-03-03 01:13:18,047 [Worker-47: Building workspace] INFO  o.e.m.c.i.embedder.EclipseLogger - Using 'UTF-8' encoding to copy filtered resources.
2019-03-03 01:13:18,048 [Worker-47: Building workspace] INFO  o.e.m.c.i.embedder.EclipseLogger - Copying 0 resource
2019-03-03 01:13:18,050 [Worker-47: Building workspace] INFO  o.e.m.c.i.embedder.EclipseLogger - Using 'UTF-8' encoding to copy filtered resources.
2019-03-03 01:13:18,050 [Worker-47: Building workspace] INFO  o.e.m.c.i.embedder.EclipseLogger - skip non existing resourceDirectory E:\Java\messenger\src\test\resources
2019-03-03 01:17:02,341 [Worker-45: Building workspace] INFO  o.e.m.c.i.embedder.EclipseLogger - Using 'UTF-8' encoding to copy filtered resources.
2019-03-03 01:17:02,342 [Worker-45: Building workspace] INFO  o.e.m.c.i.embedder.EclipseLogger - Copying 0 resource
2019-03-03 01:17:02,344 [Worker-45: Building workspace] INFO  o.e.m.c.i.embedder.EclipseLogger - Using 'UTF-8' encoding to copy filtered resources.
2019-03-03 01:17:02,344 [Worker-45: Building workspace] INFO  o.e.m.c.i.embedder.EclipseLogger - skip non existing resourceDirectory E:\Java\messenger\src\test\resources
2019-03-03 01:17:18,411 [Worker-37: Building workspace] INFO  o.e.m.c.i.embedder.EclipseLogger - Using 'UTF-8' encoding to copy filtered resources.
2019-03-03 01:17:18,412 [Worker-37: Building workspace] INFO  o.e.m.c.i.embedder.EclipseLogger - Copying 0 resource
2019-03-03 01:17:18,414 [Worker-37: Building workspace] INFO  o.e.m.c.i.embedder.EclipseLogger - Using 'UTF-8' encoding to copy filtered resources.
2019-03-03 01:17:18,414 [Worker-37: Building workspace] INFO  o.e.m.c.i.embedder.EclipseLogger - skip non existing resourceDirectory E:\Java\messenger\src\test\resources
2019-03-03 01:17:27,646 [Worker-46: Building workspace] INFO  o.e.m.c.i.embedder.EclipseLogger - Using 'UTF-8' encoding to copy filtered resources.
2019-03-03 01:17:27,646 [Worker-46: Building workspace] INFO  o.e.m.c.i.embedder.EclipseLogger - Copying 0 resource
2019-03-03 01:17:27,648 [Worker-46: Building workspace] INFO  o.e.m.c.i.embedder.EclipseLogger - Using 'UTF-8' encoding to copy filtered resources.
2019-03-03 01:17:27,649 [Worker-46: Building workspace] INFO  o.e.m.c.i.embedder.EclipseLogger - skip non existing resourceDirectory E:\Java\messenger\src\test\resources
2019-03-03 01:20:54,966 [Worker-49: Building workspace] INFO  o.e.m.c.i.embedder.EclipseLogger - Using 'UTF-8' encoding to copy filtered resources.
2019-03-03 01:20:54,967 [Worker-49: Building workspace] INFO  o.e.m.c.i.embedder.EclipseLogger - Copying 0 resource
2019-03-03 01:20:54,968 [Worker-49: Building workspace] INFO  o.e.m.c.i.embedder.EclipseLogger - Using 'UTF-8' encoding to copy filtered resources.
2019-03-03 01:20:54,969 [Worker-49: Building workspace] INFO  o.e.m.c.i.embedder.EclipseLogger - skip non existing resourceDirectory E:\Java\messenger\src\test\resources
2019-03-03 01:22:04,706 [Worker-37: Building workspace] INFO  o.e.m.c.i.embedder.EclipseLogger - Using 'UTF-8' encoding to copy filtered resources.
2019-03-03 01:22:04,707 [Worker-37: Building workspace] INFO  o.e.m.c.i.embedder.EclipseLogger - Copying 0 resource
2019-03-03 01:22:04,708 [Worker-37: Building workspace] INFO  o.e.m.c.i.embedder.EclipseLogger - Using 'UTF-8' encoding to copy filtered resources.
2019-03-03 01:22:04,708 [Worker-37: Building workspace] INFO  o.e.m.c.i.embedder.EclipseLogger - skip non existing resourceDirectory E:\Java\messenger\src\test\resources
2019-03-03 01:50:11,477 [Worker-54: Building workspace] INFO  o.e.m.c.i.embedder.EclipseLogger - Using 'UTF-8' encoding to copy filtered resources.
2019-03-03 01:50:11,478 [Worker-54: Building workspace] INFO  o.e.m.c.i.embedder.EclipseLogger - Copying 0 resource
2019-03-03 01:50:11,481 [Worker-54: Building workspace] INFO  o.e.m.c.i.embedder.EclipseLogger - Using 'UTF-8' encoding to copy filtered resources.
2019-03-03 01:50:11,481 [Worker-54: Building workspace] INFO  o.e.m.c.i.embedder.EclipseLogger - skip non existing resourceDirectory E:\Java\messenger\src\test\resources
2019-03-03 01:52:45,754 [Worker-56: Building workspace] INFO  o.e.m.c.i.embedder.EclipseLogger - Using 'UTF-8' encoding to copy filtered resources.
2019-03-03 01:52:45,754 [Worker-56: Building workspace] INFO  o.e.m.c.i.embedder.EclipseLogger - Copying 0 resource
2019-03-03 01:52:45,756 [Worker-56: Building workspace] INFO  o.e.m.c.i.embedder.EclipseLogger - Using 'UTF-8' encoding to copy filtered resources.
2019-03-03 01:52:45,757 [Worker-56: Building workspace] INFO  o.e.m.c.i.embedder.EclipseLogger - skip non existing resourceDirectory E:\Java\messenger\src\test\resources
2019-03-03 01:53:06,301 [Worker-57: Building workspace] INFO  o.e.m.c.i.embedder.EclipseLogger - Using 'UTF-8' encoding to copy filtered resources.
2019-03-03 01:53:06,301 [Worker-57: Building workspace] INFO  o.e.m.c.i.embedder.EclipseLogger - Copying 0 resource
2019-03-03 01:53:06,304 [Worker-57: Building workspace] INFO  o.e.m.c.i.embedder.EclipseLogger - Using 'UTF-8' encoding to copy filtered resources.
2019-03-03 01:53:06,304 [Worker-57: Building workspace] INFO  o.e.m.c.i.embedder.EclipseLogger - skip non existing resourceDirectory E:\Java\messenger\src\test\resources
2019-03-03 02:02:14,647 [Worker-61: Building workspace] INFO  o.e.m.c.i.embedder.EclipseLogger - Using 'UTF-8' encoding to copy filtered resources.
2019-03-03 02:02:14,648 [Worker-61: Building workspace] INFO  o.e.m.c.i.embedder.EclipseLogger - Copying 0 resource
2019-03-03 02:02:14,650 [Worker-61: Building workspace] INFO  o.e.m.c.i.embedder.EclipseLogger - Using 'UTF-8' encoding to copy filtered resources.
2019-03-03 02:02:14,650 [Worker-61: Building workspace] INFO  o.e.m.c.i.embedder.EclipseLogger - skip non existing resourceDirectory E:\Java\messenger\src\test\resources
2019-03-03 02:02:25,229 [Worker-61: Building workspace] INFO  o.e.m.c.i.embedder.EclipseLogger - Using 'UTF-8' encoding to copy filtered resources.
2019-03-03 02:02:25,230 [Worker-61: Building workspace] INFO  o.e.m.c.i.embedder.EclipseLogger - Copying 0 resource
2019-03-03 02:02:25,232 [Worker-61: Building workspace] INFO  o.e.m.c.i.embedder.EclipseLogger - Using 'UTF-8' encoding to copy filtered resources.
2019-03-03 02:02:25,232 [Worker-61: Building workspace] INFO  o.e.m.c.i.embedder.EclipseLogger - skip non existing resourceDirectory E:\Java\messenger\src\test\resources
2019-03-03 02:03:22,899 [Worker-55: Building workspace] INFO  o.e.m.c.i.embedder.EclipseLogger - Using 'UTF-8' encoding to copy filtered resources.
2019-03-03 02:03:22,900 [Worker-55: Building workspace] INFO  o.e.m.c.i.embedder.EclipseLogger - Copying 0 resource
2019-03-03 02:03:22,902 [Worker-55: Building workspace] INFO  o.e.m.c.i.embedder.EclipseLogger - Using 'UTF-8' encoding to copy filtered resources.
2019-03-03 02:03:22,902 [Worker-55: Building workspace] INFO  o.e.m.c.i.embedder.EclipseLogger - skip non existing resourceDirectory E:\Java\messenger\src\test\resources
2019-03-03 02:05:00,766 [Worker-60: Building workspace] INFO  o.e.m.c.i.embedder.EclipseLogger - Using 'UTF-8' encoding to copy filtered resources.
2019-03-03 02:05:00,767 [Worker-60: Building workspace] INFO  o.e.m.c.i.embedder.EclipseLogger - Copying 0 resource
2019-03-03 02:05:00,769 [Worker-60: Building workspace] INFO  o.e.m.c.i.embedder.EclipseLogger - Using 'UTF-8' encoding to copy filtered resources.
2019-03-03 02:05:00,769 [Worker-60: Building workspace] INFO  o.e.m.c.i.embedder.EclipseLogger - skip non existing resourceDirectory E:\Java\messenger\src\test\resources
2019-03-03 02:14:44,809 [Worker-61: Building workspace] INFO  o.e.m.c.i.embedder.EclipseLogger - Using 'UTF-8' encoding to copy filtered resources.
2019-03-03 02:14:44,810 [Worker-61: Building workspace] INFO  o.e.m.c.i.embedder.EclipseLogger - Copying 0 resource
2019-03-03 02:14:44,812 [Worker-61: Building workspace] INFO  o.e.m.c.i.embedder.EclipseLogger - Using 'UTF-8' encoding to copy filtered resources.
2019-03-03 02:14:44,813 [Worker-61: Building workspace] INFO  o.e.m.c.i.embedder.EclipseLogger - skip non existing resourceDirectory E:\Java\messenger\src\test\resources
2019-03-03 02:18:11,872 [Worker-67: Building workspace] INFO  o.e.m.c.i.embedder.EclipseLogger - Using 'UTF-8' encoding to copy filtered resources.
2019-03-03 02:18:11,873 [Worker-67: Building workspace] INFO  o.e.m.c.i.embedder.EclipseLogger - Copying 0 resource
2019-03-03 02:18:11,875 [Worker-67: Building workspace] INFO  o.e.m.c.i.embedder.EclipseLogger - Using 'UTF-8' encoding to copy filtered resources.
2019-03-03 02:18:11,876 [Worker-67: Building workspace] INFO  o.e.m.c.i.embedder.EclipseLogger - skip non existing resourceDirectory E:\Java\messenger\src\test\resources
2019-03-03 03:54:33,168 [Worker-1: Loading available Gradle versions] INFO  o.e.b.c.i.u.g.PublishedGradleVersions - Gradle version information cache is up-to-date. Trying to read.
2019-03-03 03:54:46,295 [Worker-11: Building workspace] INFO  o.e.m.c.i.embedder.EclipseLogger - Using 'UTF-8' encoding to copy filtered resources.
2019-03-03 03:54:46,308 [Worker-11: Building workspace] INFO  o.e.m.c.i.embedder.EclipseLogger - Copying 0 resource
2019-03-03 03:54:46,313 [Worker-11: Building workspace] INFO  o.e.m.c.i.embedder.EclipseLogger - Using 'UTF-8' encoding to copy filtered resources.
2019-03-03 03:54:46,313 [Worker-11: Building workspace] INFO  o.e.m.c.i.embedder.EclipseLogger - skip non existing resourceDirectory E:\Java\messenger\src\test\resources
2019-03-03 04:05:41,981 [Worker-4: Building workspace] INFO  o.e.m.c.i.embedder.EclipseLogger - Using 'UTF-8' encoding to copy filtered resources.
2019-03-03 04:05:42,022 [Worker-4: Building workspace] INFO  o.e.m.c.i.embedder.EclipseLogger - Copying 0 resource
2019-03-03 04:05:42,025 [Worker-4: Building workspace] INFO  o.e.m.c.i.embedder.EclipseLogger - Using 'UTF-8' encoding to copy filtered resources.
2019-03-03 04:05:42,025 [Worker-4: Building workspace] INFO  o.e.m.c.i.embedder.EclipseLogger - skip non existing resourceDirectory E:\Java\messenger\src\test\resources
2019-03-03 04:05:47,307 [Worker-4: Building workspace] INFO  o.e.m.c.i.embedder.EclipseLogger - Using 'UTF-8' encoding to copy filtered resources.
2019-03-03 04:05:47,309 [Worker-4: Building workspace] INFO  o.e.m.c.i.embedder.EclipseLogger - Copying 0 resource
2019-03-03 04:05:47,313 [Worker-4: Building workspace] INFO  o.e.m.c.i.embedder.EclipseLogger - Using 'UTF-8' encoding to copy filtered resources.
2019-03-03 04:05:47,313 [Worker-4: Building workspace] INFO  o.e.m.c.i.embedder.EclipseLogger - skip non existing resourceDirectory E:\Java\messenger\src\test\resources
2019-03-03 04:05:54,598 [Worker-17: Building workspace] INFO  o.e.m.c.i.embedder.EclipseLogger - Using 'UTF-8' encoding to copy filtered resources.
2019-03-03 04:05:54,600 [Worker-17: Building workspace] INFO  o.e.m.c.i.embedder.EclipseLogger - Copying 0 resource
2019-03-03 04:05:54,604 [Worker-17: Building workspace] INFO  o.e.m.c.i.embedder.EclipseLogger - Using 'UTF-8' encoding to copy filtered resources.
2019-03-03 04:05:54,605 [Worker-17: Building workspace] INFO  o.e.m.c.i.embedder.EclipseLogger - skip non existing resourceDirectory E:\Java\messenger\src\test\resources
2019-03-03 04:09:13,477 [Worker-19: Building workspace] INFO  o.e.m.c.i.embedder.EclipseLogger - Using 'UTF-8' encoding to copy filtered resources.
2019-03-03 04:09:13,479 [Worker-19: Building workspace] INFO  o.e.m.c.i.embedder.EclipseLogger - Copying 0 resource
2019-03-03 04:09:13,482 [Worker-19: Building workspace] INFO  o.e.m.c.i.embedder.EclipseLogger - Using 'UTF-8' encoding to copy filtered resources.
2019-03-03 04:09:13,483 [Worker-19: Building workspace] INFO  o.e.m.c.i.embedder.EclipseLogger - skip non existing resourceDirectory E:\Java\messenger\src\test\resources
2019-03-03 04:26:44,547 [Worker-25: Building workspace] INFO  o.e.m.c.i.embedder.EclipseLogger - Using 'UTF-8' encoding to copy filtered resources.
2019-03-03 04:26:44,548 [Worker-25: Building workspace] INFO  o.e.m.c.i.embedder.EclipseLogger - Copying 0 resource
2019-03-03 04:26:44,550 [Worker-25: Building workspace] INFO  o.e.m.c.i.embedder.EclipseLogger - Using 'UTF-8' encoding to copy filtered resources.
2019-03-03 04:26:44,550 [Worker-25: Building workspace] INFO  o.e.m.c.i.embedder.EclipseLogger - skip non existing resourceDirectory E:\Java\messenger\src\test\resources
2019-03-03 04:33:05,898 [Worker-28: Building workspace] INFO  o.e.m.c.i.embedder.EclipseLogger - Using 'UTF-8' encoding to copy filtered resources.
2019-03-03 04:33:05,899 [Worker-28: Building workspace] INFO  o.e.m.c.i.embedder.EclipseLogger - Copying 0 resource
2019-03-03 04:33:05,901 [Worker-28: Building workspace] INFO  o.e.m.c.i.embedder.EclipseLogger - Using 'UTF-8' encoding to copy filtered resources.
2019-03-03 04:33:05,902 [Worker-28: Building workspace] INFO  o.e.m.c.i.embedder.EclipseLogger - skip non existing resourceDirectory E:\Java\messenger\src\test\resources
2019-03-03 04:53:42,159 [Worker-32: Building workspace] INFO  o.e.m.c.i.embedder.EclipseLogger - Using 'UTF-8' encoding to copy filtered resources.
2019-03-03 04:53:42,160 [Worker-32: Building workspace] INFO  o.e.m.c.i.embedder.EclipseLogger - Copying 0 resource
2019-03-03 04:53:42,163 [Worker-32: Building workspace] INFO  o.e.m.c.i.embedder.EclipseLogger - Using 'UTF-8' encoding to copy filtered resources.
2019-03-03 04:53:42,164 [Worker-32: Building workspace] INFO  o.e.m.c.i.embedder.EclipseLogger - skip non existing resourceDirectory E:\Java\messenger\src\test\resources
2019-03-03 04:58:35,640 [Worker-37: Building workspace] INFO  o.e.m.c.i.embedder.EclipseLogger - Using 'UTF-8' encoding to copy filtered resources.
2019-03-03 04:58:35,640 [Worker-37: Building workspace] INFO  o.e.m.c.i.embedder.EclipseLogger - Copying 0 resource
2019-03-03 04:58:35,642 [Worker-37: Building workspace] INFO  o.e.m.c.i.embedder.EclipseLogger - Using 'UTF-8' encoding to copy filtered resources.
2019-03-03 04:58:35,642 [Worker-37: Building workspace] INFO  o.e.m.c.i.embedder.EclipseLogger - skip non existing resourceDirectory E:\Java\messenger\src\test\resources
2019-03-03 04:59:08,740 [Worker-37: Building workspace] INFO  o.e.m.c.i.embedder.EclipseLogger - Using 'UTF-8' encoding to copy filtered resources.
2019-03-03 04:59:08,740 [Worker-37: Building workspace] INFO  o.e.m.c.i.embedder.EclipseLogger - Copying 0 resource
2019-03-03 04:59:08,742 [Worker-37: Building workspace] INFO  o.e.m.c.i.embedder.EclipseLogger - Using 'UTF-8' encoding to copy filtered resources.
2019-03-03 04:59:08,742 [Worker-37: Building workspace] INFO  o.e.m.c.i.embedder.EclipseLogger - skip non existing resourceDirectory E:\Java\messenger\src\test\resources
2019-03-03 05:00:12,528 [Worker-37: Building workspace] INFO  o.e.m.c.i.embedder.EclipseLogger - Using 'UTF-8' encoding to copy filtered resources.
2019-03-03 05:00:12,529 [Worker-37: Building workspace] INFO  o.e.m.c.i.embedder.EclipseLogger - Copying 0 resource
2019-03-03 05:00:12,531 [Worker-37: Building workspace] INFO  o.e.m.c.i.embedder.EclipseLogger - Using 'UTF-8' encoding to copy filtered resources.
2019-03-03 05:00:12,531 [Worker-37: Building workspace] INFO  o.e.m.c.i.embedder.EclipseLogger - skip non existing resourceDirectory E:\Java\messenger\src\test\resources
2019-03-03 05:02:20,500 [Worker-37: Building workspace] INFO  o.e.m.c.i.embedder.EclipseLogger - Using 'UTF-8' encoding to copy filtered resources.
2019-03-03 05:02:20,501 [Worker-37: Building workspace] INFO  o.e.m.c.i.embedder.EclipseLogger - Copying 0 resource
2019-03-03 05:02:20,502 [Worker-37: Building workspace] INFO  o.e.m.c.i.embedder.EclipseLogger - Using 'UTF-8' encoding to copy filtered resources.
2019-03-03 05:02:20,503 [Worker-37: Building workspace] INFO  o.e.m.c.i.embedder.EclipseLogger - skip non existing resourceDirectory E:\Java\messenger\src\test\resources
2019-03-03 05:12:57,345 [Worker-43: Building workspace] INFO  o.e.m.c.i.embedder.EclipseLogger - Using 'UTF-8' encoding to copy filtered resources.
2019-03-03 05:12:57,345 [Worker-43: Building workspace] INFO  o.e.m.c.i.embedder.EclipseLogger - Copying 0 resource
2019-03-03 05:12:57,347 [Worker-43: Building workspace] INFO  o.e.m.c.i.embedder.EclipseLogger - Using 'UTF-8' encoding to copy filtered resources.
2019-03-03 05:12:57,348 [Worker-43: Building workspace] INFO  o.e.m.c.i.embedder.EclipseLogger - skip non existing resourceDirectory E:\Java\messenger\src\test\resources
2019-03-03 05:17:24,835 [Worker-44: Building workspace] INFO  o.e.m.c.i.embedder.EclipseLogger - Using 'UTF-8' encoding to copy filtered resources.
2019-03-03 05:17:24,836 [Worker-44: Building workspace] INFO  o.e.m.c.i.embedder.EclipseLogger - Copying 0 resource
2019-03-03 05:17:24,838 [Worker-44: Building workspace] INFO  o.e.m.c.i.embedder.EclipseLogger - Using 'UTF-8' encoding to copy filtered resources.
2019-03-03 05:17:24,839 [Worker-44: Building workspace] INFO  o.e.m.c.i.embedder.EclipseLogger - skip non existing resourceDirectory E:\Java\messenger\src\test\resources
2019-03-03 05:17:48,123 [Worker-47: Building workspace] INFO  o.e.m.c.i.embedder.EclipseLogger - Using 'UTF-8' encoding to copy filtered resources.
2019-03-03 05:17:48,123 [Worker-47: Building workspace] INFO  o.e.m.c.i.embedder.EclipseLogger - Copying 0 resource
2019-03-03 05:17:48,126 [Worker-47: Building workspace] INFO  o.e.m.c.i.embedder.EclipseLogger - Using 'UTF-8' encoding to copy filtered resources.
2019-03-03 05:17:48,126 [Worker-47: Building workspace] INFO  o.e.m.c.i.embedder.EclipseLogger - skip non existing resourceDirectory E:\Java\messenger\src\test\resources
2019-03-03 05:19:42,637 [Worker-44: Building workspace] INFO  o.e.m.c.i.embedder.EclipseLogger - Using 'UTF-8' encoding to copy filtered resources.
2019-03-03 05:19:42,638 [Worker-44: Building workspace] INFO  o.e.m.c.i.embedder.EclipseLogger - Copying 0 resource
2019-03-03 05:19:42,643 [Worker-44: Building workspace] INFO  o.e.m.c.i.embedder.EclipseLogger - Using 'UTF-8' encoding to copy filtered resources.
2019-03-03 05:19:42,644 [Worker-44: Building workspace] INFO  o.e.m.c.i.embedder.EclipseLogger - skip non existing resourceDirectory E:\Java\messenger\src\test\resources
2019-03-03 05:20:16,258 [Worker-47: Building workspace] INFO  o.e.m.c.i.embedder.EclipseLogger - Using 'UTF-8' encoding to copy filtered resources.
2019-03-03 05:20:16,259 [Worker-47: Building workspace] INFO  o.e.m.c.i.embedder.EclipseLogger - Copying 0 resource
2019-03-03 05:20:16,261 [Worker-47: Building workspace] INFO  o.e.m.c.i.embedder.EclipseLogger - Using 'UTF-8' encoding to copy filtered resources.
2019-03-03 05:20:16,261 [Worker-47: Building workspace] INFO  o.e.m.c.i.embedder.EclipseLogger - skip non existing resourceDirectory E:\Java\messenger\src\test\resources
2019-03-03 05:21:16,672 [Worker-47: Building workspace] INFO  o.e.m.c.i.embedder.EclipseLogger - Using 'UTF-8' encoding to copy filtered resources.
2019-03-03 05:21:16,673 [Worker-47: Building workspace] INFO  o.e.m.c.i.embedder.EclipseLogger - Copying 0 resource
2019-03-03 05:21:16,675 [Worker-47: Building workspace] INFO  o.e.m.c.i.embedder.EclipseLogger - Using 'UTF-8' encoding to copy filtered resources.
2019-03-03 05:21:16,675 [Worker-47: Building workspace] INFO  o.e.m.c.i.embedder.EclipseLogger - skip non existing resourceDirectory E:\Java\messenger\src\test\resources
2019-03-03 05:21:42,155 [Worker-49: Building workspace] INFO  o.e.m.c.i.embedder.EclipseLogger - Using 'UTF-8' encoding to copy filtered resources.
2019-03-03 05:21:42,156 [Worker-49: Building workspace] INFO  o.e.m.c.i.embedder.EclipseLogger - Copying 0 resource
2019-03-03 05:21:42,158 [Worker-49: Building workspace] INFO  o.e.m.c.i.embedder.EclipseLogger - Using 'UTF-8' encoding to copy filtered resources.
2019-03-03 05:21:42,158 [Worker-49: Building workspace] INFO  o.e.m.c.i.embedder.EclipseLogger - skip non existing resourceDirectory E:\Java\messenger\src\test\resources
2019-03-03 05:22:12,700 [Worker-47: Building workspace] INFO  o.e.m.c.i.embedder.EclipseLogger - Using 'UTF-8' encoding to copy filtered resources.
2019-03-03 05:22:12,701 [Worker-47: Building workspace] INFO  o.e.m.c.i.embedder.EclipseLogger - Copying 0 resource
2019-03-03 05:22:12,703 [Worker-47: Building workspace] INFO  o.e.m.c.i.embedder.EclipseLogger - Using 'UTF-8' encoding to copy filtered resources.
2019-03-03 05:22:12,703 [Worker-47: Building workspace] INFO  o.e.m.c.i.embedder.EclipseLogger - skip non existing resourceDirectory E:\Java\messenger\src\test\resources
2019-03-03 05:23:00,877 [Worker-48: Building workspace] INFO  o.e.m.c.i.embedder.EclipseLogger - Using 'UTF-8' encoding to copy filtered resources.
2019-03-03 05:23:00,877 [Worker-48: Building workspace] INFO  o.e.m.c.i.embedder.EclipseLogger - Copying 0 resource
2019-03-03 05:23:00,878 [Worker-48: Building workspace] INFO  o.e.m.c.i.embedder.EclipseLogger - Using 'UTF-8' encoding to copy filtered resources.
2019-03-03 05:23:00,878 [Worker-48: Building workspace] INFO  o.e.m.c.i.embedder.EclipseLogger - skip non existing resourceDirectory E:\Java\messenger\src\test\resources
2019-03-03 06:02:55,590 [Worker-54: Building workspace] INFO  o.e.m.c.i.embedder.EclipseLogger - Using 'UTF-8' encoding to copy filtered resources.
2019-03-03 06:02:55,591 [Worker-54: Building workspace] INFO  o.e.m.c.i.embedder.EclipseLogger - Copying 0 resource
2019-03-03 06:02:55,593 [Worker-54: Building workspace] INFO  o.e.m.c.i.embedder.EclipseLogger - Using 'UTF-8' encoding to copy filtered resources.
2019-03-03 06:02:55,593 [Worker-54: Building workspace] INFO  o.e.m.c.i.embedder.EclipseLogger - skip non existing resourceDirectory E:\Java\messenger\src\test\resources
2019-03-03 06:13:42,261 [Worker-62: Building workspace] INFO  o.e.m.c.i.l.LifecycleMappingFactory - Using org.maven.ide.eclipse.wtp.WarLifecycleMapping lifecycle mapping for MavenProject: org.restful.demo:messenger:0.0.1-SNAPSHOT @ E:\Java\messenger\pom.xml.
2019-03-03 06:13:43,971 [Worker-62: Building workspace] INFO  o.e.m.c.i.e.AbstractTransferListenerAdapter - Downloading https://repo.maven.apache.org/maven2/org/glassfish/jersey/media/jersey-media-moxy/2.16/jersey-media-moxy-2.16.pom
2019-03-03 06:13:44,178 [Worker-62: Building workspace] INFO  o.e.m.c.i.e.AbstractTransferListenerAdapter - Downloaded https://repo.maven.apache.org/maven2/org/glassfish/jersey/media/jersey-media-moxy/2.16/jersey-media-moxy-2.16.pom
2019-03-03 06:13:44,381 [Worker-62: Building workspace] INFO  o.e.m.c.i.e.AbstractTransferListenerAdapter - Downloading https://repo.maven.apache.org/maven2/org/glassfish/jersey/ext/jersey-entity-filtering/2.16/jersey-entity-filtering-2.16.pom
2019-03-03 06:13:44,568 [Worker-62: Building workspace] INFO  o.e.m.c.i.e.AbstractTransferListenerAdapter - Downloaded https://repo.maven.apache.org/maven2/org/glassfish/jersey/ext/jersey-entity-filtering/2.16/jersey-entity-filtering-2.16.pom
2019-03-03 06:13:44,754 [Worker-62: Building workspace] INFO  o.e.m.c.i.e.AbstractTransferListenerAdapter - Downloading https://repo.maven.apache.org/maven2/org/glassfish/jersey/ext/project/2.16/project-2.16.pom
2019-03-03 06:13:44,976 [Worker-62: Building workspace] INFO  o.e.m.c.i.e.AbstractTransferListenerAdapter - Downloaded https://repo.maven.apache.org/maven2/org/glassfish/jersey/ext/project/2.16/project-2.16.pom
2019-03-03 06:13:45,175 [Worker-62: Building workspace] INFO  o.e.m.c.i.e.AbstractTransferListenerAdapter - Downloading https://repo.maven.apache.org/maven2/org/eclipse/persistence/org.eclipse.persistence.moxy/2.5.0/org.eclipse.persistence.moxy-2.5.0.pom
2019-03-03 06:13:45,405 [Worker-62: Building workspace] INFO  o.e.m.c.i.e.AbstractTransferListenerAdapter - Downloaded https://repo.maven.apache.org/maven2/org/eclipse/persistence/org.eclipse.persistence.moxy/2.5.0/org.eclipse.persistence.moxy-2.5.0.pom
2019-03-03 06:13:45,582 [Worker-62: Building workspace] INFO  o.e.m.c.i.e.AbstractTransferListenerAdapter - Downloading https://repo.maven.apache.org/maven2/org/eclipse/persistence/org.eclipse.persistence.core/2.5.0/org.eclipse.persistence.core-2.5.0.pom
2019-03-03 06:13:45,765 [Worker-62: Building workspace] INFO  o.e.m.c.i.e.AbstractTransferListenerAdapter - Downloaded https://repo.maven.apache.org/maven2/org/eclipse/persistence/org.eclipse.persistence.core/2.5.0/org.eclipse.persistence.core-2.5.0.pom
2019-03-03 06:13:45,940 [Worker-62: Building workspace] INFO  o.e.m.c.i.e.AbstractTransferListenerAdapter - Downloading https://repo.maven.apache.org/maven2/org/eclipse/persistence/org.eclipse.persistence.asm/2.5.0/org.eclipse.persistence.asm-2.5.0.pom
2019-03-03 06:13:46,115 [Worker-62: Building workspace] INFO  o.e.m.c.i.e.AbstractTransferListenerAdapter - Downloaded https://repo.maven.apache.org/maven2/org/eclipse/persistence/org.eclipse.persistence.asm/2.5.0/org.eclipse.persistence.asm-2.5.0.pom
2019-03-03 06:13:46,299 [Worker-62: Building workspace] INFO  o.e.m.c.i.e.AbstractTransferListenerAdapter - Downloading https://repo.maven.apache.org/maven2/org/eclipse/persistence/org.eclipse.persistence.antlr/2.5.0/org.eclipse.persistence.antlr-2.5.0.pom
2019-03-03 06:13:46,497 [Worker-62: Building workspace] INFO  o.e.m.c.i.e.AbstractTransferListenerAdapter - Downloaded https://repo.maven.apache.org/maven2/org/eclipse/persistence/org.eclipse.persistence.antlr/2.5.0/org.eclipse.persistence.antlr-2.5.0.pom
2019-03-03 06:13:46,724 [Worker-62: Building workspace] INFO  o.e.m.c.i.e.AbstractTransferListenerAdapter - Downloading https://repo.maven.apache.org/maven2/org/glassfish/jersey/media/jersey-media-moxy/2.16/jersey-media-moxy-2.16.jar
2019-03-03 06:13:47,174 [Worker-62: Building workspace] INFO  o.e.m.c.i.e.AbstractTransferListenerAdapter - Downloaded https://repo.maven.apache.org/maven2/org/glassfish/jersey/media/jersey-media-moxy/2.16/jersey-media-moxy-2.16.jar
2019-03-03 06:13:47,342 [Worker-62: Building workspace] INFO  o.e.m.c.i.e.AbstractTransferListenerAdapter - Downloading https://repo.maven.apache.org/maven2/org/glassfish/jersey/ext/jersey-entity-filtering/2.16/jersey-entity-filtering-2.16.jar
2019-03-03 06:13:47,698 [Worker-62: Building workspace] INFO  o.e.m.c.i.e.AbstractTransferListenerAdapter - Downloaded https://repo.maven.apache.org/maven2/org/glassfish/jersey/ext/jersey-entity-filtering/2.16/jersey-entity-filtering-2.16.jar
2019-03-03 06:13:47,871 [Worker-62: Building workspace] INFO  o.e.m.c.i.e.AbstractTransferListenerAdapter - Downloading https://repo.maven.apache.org/maven2/org/eclipse/persistence/org.eclipse.persistence.moxy/2.5.0/org.eclipse.persistence.moxy-2.5.0.jar
2019-03-03 06:13:48,728 [Worker-62: Building workspace] INFO  o.e.m.c.i.e.AbstractTransferListenerAdapter - Downloaded https://repo.maven.apache.org/maven2/org/eclipse/persistence/org.eclipse.persistence.moxy/2.5.0/org.eclipse.persistence.moxy-2.5.0.jar
2019-03-03 06:13:48,920 [Worker-62: Building workspace] INFO  o.e.m.c.i.e.AbstractTransferListenerAdapter - Downloading https://repo.maven.apache.org/maven2/org/eclipse/persistence/org.eclipse.persistence.core/2.5.0/org.eclipse.persistence.core-2.5.0.jar
2019-03-03 06:13:50,666 [Worker-62: Building workspace] INFO  o.e.m.c.i.e.AbstractTransferListenerAdapter - Downloaded https://repo.maven.apache.org/maven2/org/eclipse/persistence/org.eclipse.persistence.core/2.5.0/org.eclipse.persistence.core-2.5.0.jar
2019-03-03 06:13:50,858 [Worker-62: Building workspace] INFO  o.e.m.c.i.e.AbstractTransferListenerAdapter - Downloading https://repo.maven.apache.org/maven2/org/eclipse/persistence/org.eclipse.persistence.asm/2.5.0/org.eclipse.persistence.asm-2.5.0.jar
2019-03-03 06:13:51,069 [Worker-62: Building workspace] INFO  o.e.m.c.i.e.AbstractTransferListenerAdapter - Downloaded https://repo.maven.apache.org/maven2/org/eclipse/persistence/org.eclipse.persistence.asm/2.5.0/org.eclipse.persistence.asm-2.5.0.jar
2019-03-03 06:13:51,242 [Worker-62: Building workspace] INFO  o.e.m.c.i.e.AbstractTransferListenerAdapter - Downloading https://repo.maven.apache.org/maven2/org/eclipse/persistence/org.eclipse.persistence.antlr/2.5.0/org.eclipse.persistence.antlr-2.5.0.jar
2019-03-03 06:13:51,453 [Worker-62: Building workspace] INFO  o.e.m.c.i.e.AbstractTransferListenerAdapter - Downloaded https://repo.maven.apache.org/maven2/org/eclipse/persistence/org.eclipse.persistence.antlr/2.5.0/org.eclipse.persistence.antlr-2.5.0.jar
2019-03-03 06:13:54,413 [Worker-62: Building workspace] INFO  o.e.m.c.i.embedder.EclipseLogger - Using 'UTF-8' encoding to copy filtered resources.
2019-03-03 06:13:54,416 [Worker-62: Building workspace] INFO  o.e.m.c.i.embedder.EclipseLogger - Copying 0 resource
2019-03-03 06:13:54,420 [Worker-62: Building workspace] INFO  o.e.m.c.i.embedder.EclipseLogger - Using 'UTF-8' encoding to copy filtered resources.
2019-03-03 06:13:54,420 [Worker-62: Building workspace] INFO  o.e.m.c.i.embedder.EclipseLogger - skip non existing resourceDirectory E:\Java\messenger\src\test\resources
2019-03-03 06:13:54,420 [Worker-62: Building workspace] INFO  o.e.m.w.i.f.ResourceFilteringBuildParticipant - Changed resources require a complete clean of filtered resources of messenger
2019-03-03 06:13:54,421 [Worker-62: Building workspace] INFO  o.e.m.w.i.f.ResourceFilteringBuildParticipant - Executing resource filtering for messenger
2019-03-03 06:13:54,427 [Worker-62: Building workspace] INFO  o.e.m.c.i.embedder.EclipseLogger - Using 'UTF-8' encoding to copy filtered resources.
2019-03-03 06:13:55,836 [Worker-55: Building workspace] INFO  o.e.m.c.i.embedder.EclipseLogger - Using 'UTF-8' encoding to copy filtered resources.
2019-03-03 06:13:55,837 [Worker-55: Building workspace] INFO  o.e.m.c.i.embedder.EclipseLogger - Copying 0 resource
2019-03-03 06:13:55,839 [Worker-55: Building workspace] INFO  o.e.m.c.i.embedder.EclipseLogger - Using 'UTF-8' encoding to copy filtered resources.
2019-03-03 06:13:55,840 [Worker-55: Building workspace] INFO  o.e.m.c.i.embedder.EclipseLogger - skip non existing resourceDirectory E:\Java\messenger\src\test\resources
2019-03-03 06:13:56,118 [Worker-64: Download sources and javadoc] INFO  o.e.m.c.i.e.AbstractTransferListenerAdapter - Downloading https://repo.maven.apache.org/maven2/org/glassfish/jersey/media/jersey-media-moxy/2.16/jersey-media-moxy-2.16-sources.jar
2019-03-03 06:13:56,530 [Worker-64: Download sources and javadoc] INFO  o.e.m.c.i.e.AbstractTransferListenerAdapter - Downloaded https://repo.maven.apache.org/maven2/org/glassfish/jersey/media/jersey-media-moxy/2.16/jersey-media-moxy-2.16-sources.jar
2019-03-03 06:13:56,703 [Worker-64: Download sources and javadoc] INFO  o.e.m.j.internal.DownloadSourcesJob - Downloaded sources for org.glassfish.jersey.media:jersey-media-moxy:2.16
2019-03-03 06:13:56,873 [Worker-64: Download sources and javadoc] INFO  o.e.m.c.i.e.AbstractTransferListenerAdapter - Downloading https://repo.maven.apache.org/maven2/org/glassfish/jersey/ext/jersey-entity-filtering/2.16/jersey-entity-filtering-2.16-sources.jar
2019-03-03 06:13:57,219 [Worker-64: Download sources and javadoc] INFO  o.e.m.c.i.e.AbstractTransferListenerAdapter - Downloaded https://repo.maven.apache.org/maven2/org/glassfish/jersey/ext/jersey-entity-filtering/2.16/jersey-entity-filtering-2.16-sources.jar
2019-03-03 06:13:57,391 [Worker-64: Download sources and javadoc] INFO  o.e.m.j.internal.DownloadSourcesJob - Downloaded sources for org.glassfish.jersey.ext:jersey-entity-filtering:2.16
2019-03-03 06:13:57,579 [Worker-64: Download sources and javadoc] INFO  o.e.m.c.i.e.AbstractTransferListenerAdapter - Downloading https://repo.maven.apache.org/maven2/org/eclipse/persistence/org.eclipse.persistence.moxy/2.5.0/org.eclipse.persistence.moxy-2.5.0-sources.jar
2019-03-03 06:13:58,265 [Worker-64: Download sources and javadoc] INFO  o.e.m.c.i.e.AbstractTransferListenerAdapter - Downloaded https://repo.maven.apache.org/maven2/org/eclipse/persistence/org.eclipse.persistence.moxy/2.5.0/org.eclipse.persistence.moxy-2.5.0-sources.jar
2019-03-03 06:13:58,406 [Worker-64: Download sources and javadoc] INFO  o.e.m.j.internal.DownloadSourcesJob - Downloaded sources for org.eclipse.persistence:org.eclipse.persistence.moxy:2.5.0
2019-03-03 06:13:58,628 [Worker-64: Download sources and javadoc] INFO  o.e.m.c.i.e.AbstractTransferListenerAdapter - Downloading https://repo.maven.apache.org/maven2/org/eclipse/persistence/org.eclipse.persistence.core/2.5.0/org.eclipse.persistence.core-2.5.0-sources.jar
2019-03-03 06:14:00,513 [Worker-64: Download sources and javadoc] INFO  o.e.m.c.i.e.AbstractTransferListenerAdapter - Downloaded https://repo.maven.apache.org/maven2/org/eclipse/persistence/org.eclipse.persistence.core/2.5.0/org.eclipse.persistence.core-2.5.0-sources.jar
2019-03-03 06:14:00,621 [Worker-64: Download sources and javadoc] INFO  o.e.m.j.internal.DownloadSourcesJob - Downloaded sources for org.eclipse.persistence:org.eclipse.persistence.core:2.5.0
2019-03-03 06:14:00,796 [Worker-64: Download sources and javadoc] INFO  o.e.m.c.i.e.AbstractTransferListenerAdapter - Downloading https://repo.maven.apache.org/maven2/org/eclipse/persistence/org.eclipse.persistence.asm/2.5.0/org.eclipse.persistence.asm-2.5.0-sources.jar
2019-03-03 06:14:02,106 [Worker-64: Download sources and javadoc] INFO  o.e.m.c.i.e.AbstractTransferListenerAdapter - Downloaded https://repo.maven.apache.org/maven2/org/eclipse/persistence/org.eclipse.persistence.asm/2.5.0/org.eclipse.persistence.asm-2.5.0-sources.jar
2019-03-03 06:14:02,237 [Worker-64: Download sources and javadoc] INFO  o.e.m.j.internal.DownloadSourcesJob - Downloaded sources for org.eclipse.persistence:org.eclipse.persistence.asm:2.5.0
2019-03-03 06:14:02,409 [Worker-64: Download sources and javadoc] INFO  o.e.m.c.i.e.AbstractTransferListenerAdapter - Downloading https://repo.maven.apache.org/maven2/org/eclipse/persistence/org.eclipse.persistence.antlr/2.5.0/org.eclipse.persistence.antlr-2.5.0-sources.jar
2019-03-03 06:14:02,614 [Worker-64: Download sources and javadoc] INFO  o.e.m.c.i.e.AbstractTransferListenerAdapter - Downloaded https://repo.maven.apache.org/maven2/org/eclipse/persistence/org.eclipse.persistence.antlr/2.5.0/org.eclipse.persistence.antlr-2.5.0-sources.jar
2019-03-03 06:14:02,845 [Worker-64: Download sources and javadoc] INFO  o.e.m.j.internal.DownloadSourcesJob - Downloaded sources for org.eclipse.persistence:org.eclipse.persistence.antlr:2.5.0
2019-03-03 06:14:03,229 [Worker-64: Building workspace] INFO  o.e.m.c.i.embedder.EclipseLogger - Using 'UTF-8' encoding to copy filtered resources.
2019-03-03 06:14:03,230 [Worker-64: Building workspace] INFO  o.e.m.c.i.embedder.EclipseLogger - Copying 0 resource
2019-03-03 06:14:03,231 [Worker-64: Building workspace] INFO  o.e.m.c.i.embedder.EclipseLogger - Using 'UTF-8' encoding to copy filtered resources.
2019-03-03 06:14:03,231 [Worker-64: Building workspace] INFO  o.e.m.c.i.embedder.EclipseLogger - skip non existing resourceDirectory E:\Java\messenger\src\test\resources
